DEBUG http-nio-8073-exec-6 druid.sql.ResultSet - {conn-10005, pstmt-20051, rs-50051} Result: [13434, ab6fc4d9dba14edf9892fd67a6ee28ea, 445224201205073019, G445224201205073019, ab6fc4d9dba14edf, 9892fd67a6ee28ea, 黄俊星, false, 214400365400, true, false, 2019-08-17 16:05:18.0, 2019-08-17 16:05:18.0, null, null, 0, 100, 0, 0]
DEBUG http-nio-8073-exec-6 druid.sql.ResultSet - {conn-10005, pstmt-20051, rs-50051} closed
DEBUG http-nio-8073-exec-6 druid.sql.Statement - {conn-10005, pstmt-20051} closed
DEBUG http-nio-8073-exec-6 druid.sql.Connection - {conn-10005} pool-recycle
DEBUG http-nio-8073-exec-6 com.qimeng.main.service.GlobalDateService - http://www.qimenghb.com
DEBUG http-nio-8073-exec-5 com.qimeng.main.UpdateStudentPointsController - StudentInfoVo [name=黄俊星, stuCode=9892fd67a6ee28ea, stuCard=ab6fc4d9dba14edf, qrCode=http://www.qimenghb.com?code=9892fd67a6ee28ea&card=ab6fc4d9dba14edf, wasteType=0, unit=0, point=0, bind=1, active=0]
DEBUG http-nio-8073-exec-5 druid.sql.Connection - {conn-10005} pool-connect
DEBUG http-nio-8073-exec-5 druid.sql.Statement - {conn-10005, pstmt-20052} created. SELECT id,uuid,identity_card,student_code,card,code,name,type,school_code,binding,active,create_time,update_time,first_time,last_time,activity_count,total_points,used_points,deduct_points
FROM kernel_student_data
WHERE (code=? AND card=?)
DEBUG http-nio-8073-exec-5 druid.sql.Statement - {conn-10005, pstmt-20052} Parameters : [9892fd67a6ee28ea, ab6fc4d9dba14edf]
DEBUG http-nio-8073-exec-5 druid.sql.Statement - {conn-10005, pstmt-20052} Types : [VARCHAR, VARCHAR]
DEBUG http-nio-8073-exec-5 druid.sql.Statement - {conn-10005, pstmt-20052} executed. 1.1823 millis. SELECT id,uuid,identity_card,student_code,card,code,name,type,school_code,binding,active,create_time,update_time,first_time,last_time,activity_count,total_points,used_points,deduct_points
FROM kernel_student_data
WHERE (code=? AND card=?)
DEBUG http-nio-8073-exec-5 druid.sql.ResultSet - {conn-10005, pstmt-20052, rs-50052} open
DEBUG http-nio-8073-exec-5 druid.sql.ResultSet - {conn-10005, pstmt-20052, rs-50052} Header: [id, uuid, identity_card, student_code, card, code, name, type, school_code, binding, active, create_time, update_time, first_time, last_time, activity_count, total_points, used_points, deduct_points]
DEBUG http-nio-8073-exec-5 druid.sql.ResultSet - {conn-10005, pstmt-20052, rs-50052} Result: [13434, ab6fc4d9dba14edf9892fd67a6ee28ea, 445224201205073019, G445224201205073019, ab6fc4d9dba14edf, 9892fd67a6ee28ea, 黄俊星, false, 214400365400, true, false, 2019-08-17 16:05:18.0, 2019-08-17 16:05:18.0, null, null, 0, 100, 0, 0]
DEBUG http-nio-8073-exec-5 druid.sql.ResultSet - {conn-10005, pstmt-20052, rs-50052} closed
DEBUG http-nio-8073-exec-5 druid.sql.Statement - {conn-10005, pstmt-20052} closed
DEBUG http-nio-8073-exec-5 druid.sql.Connection - {conn-10005} pool-recycle
DEBUG http-nio-8073-exec-5 com.qimeng.main.service.GlobalDateService - http://www.qimenghb.com
DEBUG http-nio-8073-exec-2 com.qimeng.main.UpdateStudentPointsController - StudentInfoVo [name=黄俊星, stuCode=9892fd67a6ee28ea, stuCard=ab6fc4d9dba14edf, qrCode=http://www.qimenghb.com?code=9892fd67a6ee28ea&card=ab6fc4d9dba14edf, wasteType=0, unit=0, point=0, bind=1, active=0]
DEBUG http-nio-8073-exec-2 druid.sql.Connection - {conn-10005} pool-connect
DEBUG http-nio-8073-exec-2 druid.sql.Statement - {conn-10005, pstmt-20053} created. SELECT id,uuid,identity_card,student_code,card,code,name,type,school_code,binding,active,create_time,update_time,first_time,last_time,activity_count,total_points,used_points,deduct_points
FROM kernel_student_data
WHERE (code=? AND card=?)
DEBUG http-nio-8073-exec-2 druid.sql.Statement - {conn-10005, pstmt-20053} Parameters : [9892fd67a6ee28ea, ab6fc4d9dba14edf]
DEBUG http-nio-8073-exec-2 druid.sql.Statement - {conn-10005, pstmt-20053} Types : [VARCHAR, VARCHAR]
DEBUG http-nio-8073-exec-2 druid.sql.Statement - {conn-10005, pstmt-20053} executed. 0.9464 millis. SELECT id,uuid,identity_card,student_code,card,code,name,type,school_code,binding,active,create_time,update_time,first_time,last_time,activity_count,total_points,used_points,deduct_points
FROM kernel_student_data
WHERE (code=? AND card=?)
DEBUG http-nio-8073-exec-2 druid.sql.ResultSet - {conn-10005, pstmt-20053, rs-50053} open
DEBUG http-nio-8073-exec-2 druid.sql.ResultSet - {conn-10005, pstmt-20053, rs-50053} Header: [id, uuid, identity_card, student_code, card, code, name, type, school_code, binding, active, create_time, update_time, first_time, last_time, activity_count, total_points, used_points, deduct_points]
DEBUG http-nio-8073-exec-2 druid.sql.ResultSet - {conn-10005, pstmt-20053, rs-50053} Result: [13434, ab6fc4d9dba14edf9892fd67a6ee28ea, 445224201205073019, G445224201205073019, ab6fc4d9dba14edf, 9892fd67a6ee28ea, 黄俊星, false, 214400365400, true, false, 2019-08-17 16:05:18.0, 2019-08-17 16:05:18.0, null, null, 0, 100, 0, 0]
DEBUG http-nio-8073-exec-2 druid.sql.ResultSet - {conn-10005, pstmt-20053, rs-50053} closed
DEBUG http-nio-8073-exec-2 druid.sql.Statement - {conn-10005, pstmt-20053} closed
DEBUG http-nio-8073-exec-2 druid.sql.Connection - {conn-10005} pool-recycle
DEBUG http-nio-8073-exec-2 com.qimeng.main.service.GlobalDateService - http://www.qimenghb.com
DEBUG http-nio-8073-exec-3 com.qimeng.main.UpdateStudentPointsController - StudentInfoVo [name=黄俊星, stuCode=9892fd67a6ee28ea, stuCard=ab6fc4d9dba14edf, qrCode=http://www.qimenghb.com?code=9892fd67a6ee28ea&card=ab6fc4d9dba14edf, wasteType=0, unit=0, point=0, bind=1, active=0]
DEBUG http-nio-8073-exec-3 druid.sql.Connection - {conn-10005} pool-connect
DEBUG http-nio-8073-exec-3 druid.sql.Statement - {conn-10005, pstmt-20054} created. SELECT id,uuid,identity_card,student_code,card,code,name,type,school_code,binding,active,create_time,update_time,first_time,last_time,activity_count,total_points,used_points,deduct_points
FROM kernel_student_data
WHERE (code=? AND card=?)
DEBUG http-nio-8073-exec-3 druid.sql.Statement - {conn-10005, pstmt-20054} Parameters : [9892fd67a6ee28ea, ab6fc4d9dba14edf]
DEBUG http-nio-8073-exec-3 druid.sql.Statement - {conn-10005, pstmt-20054} Types : [VARCHAR, VARCHAR]
DEBUG http-nio-8073-exec-3 druid.sql.Statement - {conn-10005, pstmt-20054} executed. 1.3051 millis. SELECT id,uuid,identity_card,student_code,card,code,name,type,school_code,binding,active,create_time,update_time,first_time,last_time,activity_count,total_points,used_points,deduct_points
FROM kernel_student_data
WHERE (code=? AND card=?)
DEBUG http-nio-8073-exec-3 druid.sql.ResultSet - {conn-10005, pstmt-20054, rs-50054} open
DEBUG http-nio-8073-exec-3 druid.sql.ResultSet - {conn-10005, pstmt-20054, rs-50054} Header: [id, uuid, identity_card, student_code, card, code, name, type, school_code, binding, active, create_time, update_time, first_time, last_time, activity_count, total_points, used_points, deduct_points]
DEBUG http-nio-8073-exec-3 druid.sql.ResultSet - {conn-10005, pstmt-20054, rs-50054} Result: [13434, ab6fc4d9dba14edf9892fd67a6ee28ea, 445224201205073019, G445224201205073019, ab6fc4d9dba14edf, 9892fd67a6ee28ea, 黄俊星, false, 214400365400, true, false, 2019-08-17 16:05:18.0, 2019-08-17 16:05:18.0, null, null, 0, 100, 0, 0]
DEBUG http-nio-8073-exec-3 druid.sql.ResultSet - {conn-10005, pstmt-20054, rs-50054} closed
DEBUG http-nio-8073-exec-3 druid.sql.Statement - {conn-10005, pstmt-20054} closed
DEBUG http-nio-8073-exec-3 druid.sql.Connection - {conn-10005} pool-recycle
DEBUG http-nio-8073-exec-3 com.qimeng.main.service.GlobalDateService - http://www.qimenghb.com
DEBUG http-nio-8073-exec-4 com.qimeng.main.UpdateStudentPointsController - StudentInfoVo [name=黄俊星, stuCode=9892fd67a6ee28ea, stuCard=ab6fc4d9dba14edf, qrCode=http://www.qimenghb.com?code=9892fd67a6ee28ea&card=ab6fc4d9dba14edf, wasteType=0, unit=0, point=0, bind=1, active=0]
DEBUG http-nio-8073-exec-4 druid.sql.Connection - {conn-10005} pool-connect
DEBUG http-nio-8073-exec-4 druid.sql.Statement - {conn-10005, pstmt-20055} created. SELECT id,uuid,identity_card,student_code,card,code,name,type,school_code,binding,active,create_time,update_time,first_time,last_time,activity_count,total_points,used_points,deduct_points
FROM kernel_student_data
WHERE (code=? AND card=?)
DEBUG http-nio-8073-exec-4 druid.sql.Statement - {conn-10005, pstmt-20055} Parameters : [9892fd67a6ee28ea, ab6fc4d9dba14edf]
DEBUG http-nio-8073-exec-4 druid.sql.Statement - {conn-10005, pstmt-20055} Types : [VARCHAR, VARCHAR]
DEBUG http-nio-8073-exec-4 druid.sql.Statement - {conn-10005, pstmt-20055} executed. 0.8715 millis. SELECT id,uuid,identity_card,student_code,card,code,name,type,school_code,binding,active,create_time,update_time,first_time,last_time,activity_count,total_points,used_points,deduct_points
FROM kernel_student_data
WHERE (code=? AND card=?)
DEBUG http-nio-8073-exec-4 druid.sql.ResultSet - {conn-10005, pstmt-20055, rs-50055} open
DEBUG http-nio-8073-exec-4 druid.sql.ResultSet - {conn-10005, pstmt-20055, rs-50055} Header: [id, uuid, identity_card, student_code, card, code, name, type, school_code, binding, active, create_time, update_time, first_time, last_time, activity_count, total_points, used_points, deduct_points]
DEBUG http-nio-8073-exec-4 druid.sql.ResultSet - {conn-10005, pstmt-20055, rs-50055} Result: [13434, ab6fc4d9dba14edf9892fd67a6ee28ea, 445224201205073019, G445224201205073019, ab6fc4d9dba14edf, 9892fd67a6ee28ea, 黄俊星, false, 214400365400, true, false, 2019-08-17 16:05:18.0, 2019-08-17 16:05:18.0, null, null, 0, 100, 0, 0]
DEBUG http-nio-8073-exec-4 druid.sql.ResultSet - {conn-10005, pstmt-20055, rs-50055} closed
DEBUG http-nio-8073-exec-4 druid.sql.Statement - {conn-10005, pstmt-20055} closed
DEBUG http-nio-8073-exec-4 druid.sql.Connection - {conn-10005} pool-recycle
DEBUG http-nio-8073-exec-4 com.qimeng.main.service.GlobalDateService - http://www.qimenghb.com
DEBUG http-nio-8073-exec-8 com.qimeng.main.UpdateStudentPointsController - StudentInfoVo [name=黄俊星, stuCode=9892fd67a6ee28ea, stuCard=ab6fc4d9dba14edf, qrCode=http://www.qimenghb.com?code=9892fd67a6ee28ea&card=ab6fc4d9dba14edf, wasteType=0, unit=0, point=0, bind=1, active=0]
DEBUG http-nio-8073-exec-8 druid.sql.Connection - {conn-10005} pool-connect
DEBUG http-nio-8073-exec-8 druid.sql.Statement - {conn-10005, pstmt-20056} created. SELECT id,uuid,identity_card,student_code,card,code,name,type,school_code,binding,active,create_time,update_time,first_time,last_time,activity_count,total_points,used_points,deduct_points
FROM kernel_student_data
WHERE (code=? AND card=?)
DEBUG http-nio-8073-exec-8 druid.sql.Statement - {conn-10005, pstmt-20056} Parameters : [9892fd67a6ee28ea, ab6fc4d9dba14edf]
DEBUG http-nio-8073-exec-8 druid.sql.Statement - {conn-10005, pstmt-20056} Types : [VARCHAR, VARCHAR]
DEBUG http-nio-8073-exec-8 druid.sql.Statement - {conn-10005, pstmt-20056} executed. 1.335 millis. SELECT id,uuid,identity_card,student_code,card,code,name,type,school_code,binding,active,create_time,update_time,first_time,last_time,activity_count,total_points,used_points,deduct_points
FROM kernel_student_data
WHERE (code=? AND card=?)
DEBUG http-nio-8073-exec-8 druid.sql.ResultSet - {conn-10005, pstmt-20056, rs-50056} open
DEBUG http-nio-8073-exec-8 druid.sql.ResultSet - {conn-10005, pstmt-20056, rs-50056} Header: [id, uuid, identity_card, student_code, card, code, name, type, school_code, binding, active, create_time, update_time, first_time, last_time, activity_count, total_points, used_points, deduct_points]
DEBUG http-nio-8073-exec-8 druid.sql.ResultSet - {conn-10005, pstmt-20056, rs-50056} Result: [13434, ab6fc4d9dba14edf9892fd67a6ee28ea, 445224201205073019, G445224201205073019, ab6fc4d9dba14edf, 9892fd67a6ee28ea, 黄俊星, false, 214400365400, true, false, 2019-08-17 16:05:18.0, 2019-08-17 16:05:18.0, null, null, 0, 100, 0, 0]
DEBUG http-nio-8073-exec-8 druid.sql.ResultSet - {conn-10005, pstmt-20056, rs-50056} closed
DEBUG http-nio-8073-exec-8 druid.sql.Statement - {conn-10005, pstmt-20056} closed
DEBUG http-nio-8073-exec-8 druid.sql.Connection - {conn-10005} pool-recycle
DEBUG http-nio-8073-exec-8 com.qimeng.main.service.GlobalDateService - http://www.qimenghb.com
DEBUG http-nio-8073-exec-10 com.qimeng.main.UpdateStudentPointsController - StudentInfoVo [name=黄俊星, stuCode=9892fd67a6ee28ea, stuCard=ab6fc4d9dba14edf, qrCode=http://www.qimenghb.com?code=9892fd67a6ee28ea&card=ab6fc4d9dba14edf, wasteType=0, unit=0, point=0, bind=1, active=0]
DEBUG http-nio-8073-exec-10 druid.sql.Connection - {conn-10005} pool-connect
DEBUG http-nio-8073-exec-10 druid.sql.Statement - {conn-10005, pstmt-20057} created. SELECT id,uuid,identity_card,student_code,card,code,name,type,school_code,binding,active,create_time,update_time,first_time,last_time,activity_count,total_points,used_points,deduct_points
FROM kernel_student_data
WHERE (code=? AND card=?)
DEBUG http-nio-8073-exec-10 druid.sql.Statement - {conn-10005, pstmt-20057} Parameters : [9892fd67a6ee28ea, ab6fc4d9dba14edf]
DEBUG http-nio-8073-exec-10 druid.sql.Statement - {conn-10005, pstmt-20057} Types : [VARCHAR, VARCHAR]
DEBUG http-nio-8073-exec-10 druid.sql.Statement - {conn-10005, pstmt-20057} executed. 0.7825 millis. SELECT id,uuid,identity_card,student_code,card,code,name,type,school_code,binding,active,create_time,update_time,first_time,last_time,activity_count,total_points,used_points,deduct_points
FROM kernel_student_data
WHERE (code=? AND card=?)
DEBUG http-nio-8073-exec-10 druid.sql.ResultSet - {conn-10005, pstmt-20057, rs-50057} open
DEBUG http-nio-8073-exec-10 druid.sql.ResultSet - {conn-10005, pstmt-20057, rs-50057} Header: [id, uuid, identity_card, student_code, card, code, name, type, school_code, binding, active, create_time, update_time, first_time, last_time, activity_count, total_points, used_points, deduct_points]
DEBUG http-nio-8073-exec-10 druid.sql.ResultSet - {conn-10005, pstmt-20057, rs-50057} Result: [13434, ab6fc4d9dba14edf9892fd67a6ee28ea, 445224201205073019, G445224201205073019, ab6fc4d9dba14edf, 9892fd67a6ee28ea, 黄俊星, false, 214400365400, true, false, 2019-08-17 16:05:18.0, 2019-08-17 16:05:18.0, null, null, 0, 100, 0, 0]
DEBUG http-nio-8073-exec-10 druid.sql.ResultSet - {conn-10005, pstmt-20057, rs-50057} closed
DEBUG http-nio-8073-exec-10 druid.sql.Statement - {conn-10005, pstmt-20057} closed
DEBUG http-nio-8073-exec-10 druid.sql.Connection - {conn-10005} pool-recycle
DEBUG http-nio-8073-exec-10 com.qimeng.main.service.GlobalDateService - http://www.qimenghb.com
DEBUG http-nio-8073-exec-7 com.qimeng.main.UpdateStudentPointsController - StudentInfoVo [name=黄俊星, stuCode=9892fd67a6ee28ea, stuCard=ab6fc4d9dba14edf, qrCode=http://www.qimenghb.com?code=9892fd67a6ee28ea&card=ab6fc4d9dba14edf, wasteType=0, unit=0, point=0, bind=1, active=0]
DEBUG http-nio-8073-exec-7 druid.sql.Connection - {conn-10005} pool-connect
DEBUG http-nio-8073-exec-7 druid.sql.Statement - {conn-10005, pstmt-20058} created. SELECT id,uuid,identity_card,student_code,card,code,name,type,school_code,binding,active,create_time,update_time,first_time,last_time,activity_count,total_points,used_points,deduct_points
FROM kernel_student_data
WHERE (code=? AND card=?)
DEBUG http-nio-8073-exec-7 druid.sql.Statement - {conn-10005, pstmt-20058} Parameters : [9892fd67a6ee28ea, ab6fc4d9dba14edf]
DEBUG http-nio-8073-exec-7 druid.sql.Statement - {conn-10005, pstmt-20058} Types : [VARCHAR, VARCHAR]
DEBUG http-nio-8073-exec-7 druid.sql.Statement - {conn-10005, pstmt-20058} executed. 1.3421 millis. SELECT id,uuid,identity_card,student_code,card,code,name,type,school_code,binding,active,create_time,update_time,first_time,last_time,activity_count,total_points,used_points,deduct_points
FROM kernel_student_data
WHERE (code=? AND card=?)
DEBUG http-nio-8073-exec-7 druid.sql.ResultSet - {conn-10005, pstmt-20058, rs-50058} open
DEBUG http-nio-8073-exec-7 druid.sql.ResultSet - {conn-10005, pstmt-20058, rs-50058} Header: [id, uuid, identity_card, student_code, card, code, name, type, school_code, binding, active, create_time, update_time, first_time, last_time, activity_count, total_points, used_points, deduct_points]
DEBUG http-nio-8073-exec-7 druid.sql.ResultSet - {conn-10005, pstmt-20058, rs-50058} Result: [13434, ab6fc4d9dba14edf9892fd67a6ee28ea, 445224201205073019, G445224201205073019, ab6fc4d9dba14edf, 9892fd67a6ee28ea, 黄俊星, false, 214400365400, true, false, 2019-08-17 16:05:18.0, 2019-08-17 16:05:18.0, null, null, 0, 100, 0, 0]
DEBUG http-nio-8073-exec-7 druid.sql.ResultSet - {conn-10005, pstmt-20058, rs-50058} closed
DEBUG http-nio-8073-exec-7 druid.sql.Statement - {conn-10005, pstmt-20058} closed
DEBUG http-nio-8073-exec-7 druid.sql.Connection - {conn-10005} pool-recycle
DEBUG http-nio-8073-exec-7 com.qimeng.main.service.GlobalDateService - http://www.qimenghb.com
DEBUG http-nio-8073-exec-5 com.qimeng.main.UpdateStudentPointsController - StudentInfoVo [name=黄俊星, stuCode=9892fd67a6ee28ea, stuCard=ab6fc4d9dba14edf, qrCode=http://www.qimenghb.com?code=9892fd67a6ee28ea&card=ab6fc4d9dba14edf, wasteType=0, unit=0, point=0, bind=1, active=0]
DEBUG http-nio-8073-exec-5 druid.sql.Connection - {conn-10005} pool-connect
DEBUG http-nio-8073-exec-5 druid.sql.Statement - {conn-10005, pstmt-20059} created. SELECT id,uuid,identity_card,student_code,card,code,name,type,school_code,binding,active,create_time,update_time,first_time,last_time,activity_count,total_points,used_points,deduct_points
FROM kernel_student_data
WHERE (code=? AND card=?)
DEBUG http-nio-8073-exec-5 druid.sql.Statement - {conn-10005, pstmt-20059} Parameters : [9892fd67a6ee28ea, ab6fc4d9dba14edf]
DEBUG http-nio-8073-exec-5 druid.sql.Statement - {conn-10005, pstmt-20059} Types : [VARCHAR, VARCHAR]
DEBUG http-nio-8073-exec-5 druid.sql.Statement - {conn-10005, pstmt-20059} executed. 0.8652 millis. SELECT id,uuid,identity_card,student_code,card,code,name,type,school_code,binding,active,create_time,update_time,first_time,last_time,activity_count,total_points,used_points,deduct_points
FROM kernel_student_data
WHERE (code=? AND card=?)
DEBUG http-nio-8073-exec-5 druid.sql.ResultSet - {conn-10005, pstmt-20059, rs-50059} open
DEBUG http-nio-8073-exec-5 druid.sql.ResultSet - {conn-10005, pstmt-20059, rs-50059} Header: [id, uuid, identity_card, student_code, card, code, name, type, school_code, binding, active, create_time, update_time, first_time, last_time, activity_count, total_points, used_points, deduct_points]
DEBUG http-nio-8073-exec-5 druid.sql.ResultSet - {conn-10005, pstmt-20059, rs-50059} Result: [13434, ab6fc4d9dba14edf9892fd67a6ee28ea, 445224201205073019, G445224201205073019, ab6fc4d9dba14edf, 9892fd67a6ee28ea, 黄俊星, false, 214400365400, true, false, 2019-08-17 16:05:18.0, 2019-08-17 16:05:18.0, null, null, 0, 100, 0, 0]
DEBUG http-nio-8073-exec-5 druid.sql.ResultSet - {conn-10005, pstmt-20059, rs-50059} closed
DEBUG http-nio-8073-exec-5 druid.sql.Statement - {conn-10005, pstmt-20059} closed
DEBUG http-nio-8073-exec-5 druid.sql.Connection - {conn-10005} pool-recycle
DEBUG http-nio-8073-exec-5 com.qimeng.main.service.GlobalDateService - http://www.qimenghb.com
DEBUG http-nio-8073-exec-1 com.qimeng.main.UpdateStudentPointsController - StudentInfoVo [name=黄俊星, stuCode=9892fd67a6ee28ea, stuCard=ab6fc4d9dba14edf, qrCode=http://www.qimenghb.com?code=9892fd67a6ee28ea&card=ab6fc4d9dba14edf, wasteType=0, unit=0, point=0, bind=1, active=0]
DEBUG http-nio-8073-exec-1 druid.sql.Connection - {conn-10005} pool-connect
DEBUG http-nio-8073-exec-1 druid.sql.Statement - {conn-10005, pstmt-20060} created. SELECT id,uuid,identity_card,student_code,card,code,name,type,school_code,binding,active,create_time,update_time,first_time,last_time,activity_count,total_points,used_points,deduct_points
FROM kernel_student_data
WHERE (code=? AND card=?)
DEBUG http-nio-8073-exec-1 druid.sql.Statement - {conn-10005, pstmt-20060} Parameters : [9892fd67a6ee28ea, ab6fc4d9dba14edf]
DEBUG http-nio-8073-exec-1 druid.sql.Statement - {conn-10005, pstmt-20060} Types : [VARCHAR, VARCHAR]
DEBUG http-nio-8073-exec-1 druid.sql.Statement - {conn-10005, pstmt-20060} executed. 0.8748 millis. SELECT id,uuid,identity_card,student_code,card,code,name,type,school_code,binding,active,create_time,update_time,first_time,last_time,activity_count,total_points,used_points,deduct_points
FROM kernel_student_data
WHERE (code=? AND card=?)
DEBUG http-nio-8073-exec-1 druid.sql.ResultSet - {conn-10005, pstmt-20060, rs-50060} open
DEBUG http-nio-8073-exec-1 druid.sql.ResultSet - {conn-10005, pstmt-20060, rs-50060} Header: [id, uuid, identity_card, student_code, card, code, name, type, school_code, binding, active, create_time, update_time, first_time, last_time, activity_count, total_points, used_points, deduct_points]
DEBUG http-nio-8073-exec-1 druid.sql.ResultSet - {conn-10005, pstmt-20060, rs-50060} Result: [13434, ab6fc4d9dba14edf9892fd67a6ee28ea, 445224201205073019, G445224201205073019, ab6fc4d9dba14edf, 9892fd67a6ee28ea, 黄俊星, false, 214400365400, true, false, 2019-08-17 16:05:18.0, 2019-08-17 16:05:18.0, null, null, 0, 100, 0, 0]
DEBUG http-nio-8073-exec-1 druid.sql.ResultSet - {conn-10005, pstmt-20060, rs-50060} closed
DEBUG http-nio-8073-exec-1 druid.sql.Statement - {conn-10005, pstmt-20060} closed
DEBUG http-nio-8073-exec-1 druid.sql.Connection - {conn-10005} pool-recycle
DEBUG http-nio-8073-exec-1 com.qimeng.main.service.GlobalDateService - http://www.qimenghb.com
DEBUG http-nio-8073-exec-2 com.qimeng.main.UpdateStudentPointsController - StudentInfoVo [name=黄俊星, stuCode=9892fd67a6ee28ea, stuCard=ab6fc4d9dba14edf, qrCode=http://www.qimenghb.com?code=9892fd67a6ee28ea&card=ab6fc4d9dba14edf, wasteType=0, unit=0, point=0, bind=1, active=0]
DEBUG http-nio-8073-exec-2 druid.sql.Connection - {conn-10005} pool-connect
DEBUG http-nio-8073-exec-2 druid.sql.Statement - {conn-10005, pstmt-20061} created. SELECT id,uuid,identity_card,student_code,card,code,name,type,school_code,binding,active,create_time,update_time,first_time,last_time,activity_count,total_points,used_points,deduct_points
FROM kernel_student_data
WHERE (code=? AND card=?)
DEBUG http-nio-8073-exec-2 druid.sql.Statement - {conn-10005, pstmt-20061} Parameters : [9892fd67a6ee28ea, ab6fc4d9dba14edf]
DEBUG http-nio-8073-exec-2 druid.sql.Statement - {conn-10005, pstmt-20061} Types : [VARCHAR, VARCHAR]
DEBUG http-nio-8073-exec-2 druid.sql.Statement - {conn-10005, pstmt-20061} executed. 0.9382 millis. SELECT id,uuid,identity_card,student_code,card,code,name,type,school_code,binding,active,create_time,update_time,first_time,last_time,activity_count,total_points,used_points,deduct_points
FROM kernel_student_data
WHERE (code=? AND card=?)
DEBUG http-nio-8073-exec-2 druid.sql.ResultSet - {conn-10005, pstmt-20061, rs-50061} open
DEBUG http-nio-8073-exec-2 druid.sql.ResultSet - {conn-10005, pstmt-20061, rs-50061} Header: [id, uuid, identity_card, student_code, card, code, name, type, school_code, binding, active, create_time, update_time, first_time, last_time, activity_count, total_points, used_points, deduct_points]
DEBUG http-nio-8073-exec-2 druid.sql.ResultSet - {conn-10005, pstmt-20061, rs-50061} Result: [13434, ab6fc4d9dba14edf9892fd67a6ee28ea, 445224201205073019, G445224201205073019, ab6fc4d9dba14edf, 9892fd67a6ee28ea, 黄俊星, false, 214400365400, true, false, 2019-08-17 16:05:18.0, 2019-08-17 16:05:18.0, null, null, 0, 100, 0, 0]
DEBUG http-nio-8073-exec-2 druid.sql.ResultSet - {conn-10005, pstmt-20061, rs-50061} closed
DEBUG http-nio-8073-exec-2 druid.sql.Statement - {conn-10005, pstmt-20061} closed
DEBUG http-nio-8073-exec-2 druid.sql.Connection - {conn-10005} pool-recycle
DEBUG http-nio-8073-exec-2 com.qimeng.main.service.GlobalDateService - http://www.qimenghb.com
DEBUG http-nio-8073-exec-4 com.qimeng.main.UpdateStudentPointsController - StudentInfoVo [name=黄俊星, stuCode=9892fd67a6ee28ea, stuCard=ab6fc4d9dba14edf, qrCode=http://www.qimenghb.com?code=9892fd67a6ee28ea&card=ab6fc4d9dba14edf, wasteType=0, unit=0, point=0, bind=1, active=0]
DEBUG http-nio-8073-exec-4 druid.sql.Connection - {conn-10005} pool-connect
DEBUG http-nio-8073-exec-4 druid.sql.Statement - {conn-10005, pstmt-20062} created. SELECT id,uuid,identity_card,student_code,card,code,name,type,school_code,binding,active,create_time,update_time,first_time,last_time,activity_count,total_points,used_points,deduct_points
FROM kernel_student_data
WHERE (code=? AND card=?)
DEBUG http-nio-8073-exec-4 druid.sql.Statement - {conn-10005, pstmt-20062} Parameters : [9892fd67a6ee28ea, ab6fc4d9dba14edf]
DEBUG http-nio-8073-exec-4 druid.sql.Statement - {conn-10005, pstmt-20062} Types : [VARCHAR, VARCHAR]
DEBUG http-nio-8073-exec-4 druid.sql.Statement - {conn-10005, pstmt-20062} executed. 0.877 millis. SELECT id,uuid,identity_card,student_code,card,code,name,type,school_code,binding,active,create_time,update_time,first_time,last_time,activity_count,total_points,used_points,deduct_points
FROM kernel_student_data
WHERE (code=? AND card=?)
DEBUG http-nio-8073-exec-4 druid.sql.ResultSet - {conn-10005, pstmt-20062, rs-50062} open
DEBUG http-nio-8073-exec-4 druid.sql.ResultSet - {conn-10005, pstmt-20062, rs-50062} Header: [id, uuid, identity_card, student_code, card, code, name, type, school_code, binding, active, create_time, update_time, first_time, last_time, activity_count, total_points, used_points, deduct_points]
DEBUG http-nio-8073-exec-4 druid.sql.ResultSet - {conn-10005, pstmt-20062, rs-50062} Result: [13434, ab6fc4d9dba14edf9892fd67a6ee28ea, 445224201205073019, G445224201205073019, ab6fc4d9dba14edf, 9892fd67a6ee28ea, 黄俊星, false, 214400365400, true, false, 2019-08-17 16:05:18.0, 2019-08-17 16:05:18.0, null, null, 0, 100, 0, 0]
DEBUG http-nio-8073-exec-4 druid.sql.ResultSet - {conn-10005, pstmt-20062, rs-50062} closed
DEBUG http-nio-8073-exec-4 druid.sql.Statement - {conn-10005, pstmt-20062} closed
DEBUG http-nio-8073-exec-4 druid.sql.Connection - {conn-10005} pool-recycle
DEBUG http-nio-8073-exec-4 com.qimeng.main.service.GlobalDateService - http://www.qimenghb.com
DEBUG http-nio-8073-exec-8 com.qimeng.main.UpdateStudentPointsController - StudentInfoVo [name=黄俊星, stuCode=9892fd67a6ee28ea, stuCard=ab6fc4d9dba14edf, qrCode=http://www.qimenghb.com?code=9892fd67a6ee28ea&card=ab6fc4d9dba14edf, wasteType=0, unit=0, point=0, bind=1, active=0]
DEBUG http-nio-8073-exec-8 druid.sql.Connection - {conn-10005} pool-connect
DEBUG http-nio-8073-exec-8 druid.sql.Statement - {conn-10005, pstmt-20063} created. SELECT id,uuid,identity_card,student_code,card,code,name,type,school_code,binding,active,create_time,update_time,first_time,last_time,activity_count,total_points,used_points,deduct_points
FROM kernel_student_data
WHERE (code=? AND card=?)
DEBUG http-nio-8073-exec-8 druid.sql.Statement - {conn-10005, pstmt-20063} Parameters : [9892fd67a6ee28ea, ab6fc4d9dba14edf]
DEBUG http-nio-8073-exec-8 druid.sql.Statement - {conn-10005, pstmt-20063} Types : [VARCHAR, VARCHAR]
DEBUG http-nio-8073-exec-8 druid.sql.Statement - {conn-10005, pstmt-20063} executed. 0.8937 millis. SELECT id,uuid,identity_card,student_code,card,code,name,type,school_code,binding,active,create_time,update_time,first_time,last_time,activity_count,total_points,used_points,deduct_points
FROM kernel_student_data
WHERE (code=? AND card=?)
DEBUG http-nio-8073-exec-8 druid.sql.ResultSet - {conn-10005, pstmt-20063, rs-50063} open
DEBUG http-nio-8073-exec-8 druid.sql.ResultSet - {conn-10005, pstmt-20063, rs-50063} Header: [id, uuid, identity_card, student_code, card, code, name, type, school_code, binding, active, create_time, update_time, first_time, last_time, activity_count, total_points, used_points, deduct_points]
DEBUG http-nio-8073-exec-8 druid.sql.ResultSet - {conn-10005, pstmt-20063, rs-50063} Result: [13434, ab6fc4d9dba14edf9892fd67a6ee28ea, 445224201205073019, G445224201205073019, ab6fc4d9dba14edf, 9892fd67a6ee28ea, 黄俊星, false, 214400365400, true, false, 2019-08-17 16:05:18.0, 2019-08-17 16:05:18.0, null, null, 0, 100, 0, 0]
DEBUG http-nio-8073-exec-8 druid.sql.ResultSet - {conn-10005, pstmt-20063, rs-50063} closed
DEBUG http-nio-8073-exec-8 druid.sql.Statement - {conn-10005, pstmt-20063} closed
DEBUG http-nio-8073-exec-8 druid.sql.Connection - {conn-10005} pool-recycle
DEBUG http-nio-8073-exec-8 com.qimeng.main.service.GlobalDateService - http://www.qimenghb.com
DEBUG http-nio-8073-exec-10 com.qimeng.main.UpdateStudentPointsController - StudentInfoVo [name=黄俊星, stuCode=9892fd67a6ee28ea, stuCard=ab6fc4d9dba14edf, qrCode=http://www.qimenghb.com?code=9892fd67a6ee28ea&card=ab6fc4d9dba14edf, wasteType=0, unit=0, point=0, bind=1, active=0]
DEBUG http-nio-8073-exec-10 druid.sql.Connection - {conn-10005} pool-connect
DEBUG http-nio-8073-exec-10 druid.sql.Statement - {conn-10005, pstmt-20064} created. SELECT id,uuid,identity_card,student_code,card,code,name,type,school_code,binding,active,create_time,update_time,first_time,last_time,activity_count,total_points,used_points,deduct_points
FROM kernel_student_data
WHERE (code=? AND card=?)
DEBUG http-nio-8073-exec-10 druid.sql.Statement - {conn-10005, pstmt-20064} Parameters : [9892fd67a6ee28ea, ab6fc4d9dba14edf]
DEBUG http-nio-8073-exec-10 druid.sql.Statement - {conn-10005, pstmt-20064} Types : [VARCHAR, VARCHAR]
DEBUG http-nio-8073-exec-10 druid.sql.Statement - {conn-10005, pstmt-20064} executed. 1.1005 millis. SELECT id,uuid,identity_card,student_code,card,code,name,type,school_code,binding,active,create_time,update_time,first_time,last_time,activity_count,total_points,used_points,deduct_points
FROM kernel_student_data
WHERE (code=? AND card=?)
DEBUG http-nio-8073-exec-10 druid.sql.ResultSet - {conn-10005, pstmt-20064, rs-50064} open
DEBUG http-nio-8073-exec-10 druid.sql.ResultSet - {conn-10005, pstmt-20064, rs-50064} Header: [id, uuid, identity_card, student_code, card, code, name, type, school_code, binding, active, create_time, update_time, first_time, last_time, activity_count, total_points, used_points, deduct_points]
DEBUG http-nio-8073-exec-10 druid.sql.ResultSet - {conn-10005, pstmt-20064, rs-50064} Result: [13434, ab6fc4d9dba14edf9892fd67a6ee28ea, 445224201205073019, G445224201205073019, ab6fc4d9dba14edf, 9892fd67a6ee28ea, 黄俊星, false, 214400365400, true, false, 2019-08-17 16:05:18.0, 2019-08-17 16:05:18.0, null, null, 0, 100, 0, 0]
DEBUG http-nio-8073-exec-10 druid.sql.ResultSet - {conn-10005, pstmt-20064, rs-50064} closed
DEBUG http-nio-8073-exec-10 druid.sql.Statement - {conn-10005, pstmt-20064} closed
DEBUG http-nio-8073-exec-10 druid.sql.Connection - {conn-10005} pool-recycle
DEBUG http-nio-8073-exec-10 com.qimeng.main.service.GlobalDateService - http://www.qimenghb.com
DEBUG http-nio-8073-exec-7 com.qimeng.main.UpdateStudentPointsController - StudentInfoVo [name=黄俊星, stuCode=9892fd67a6ee28ea, stuCard=ab6fc4d9dba14edf, qrCode=http://www.qimenghb.com?code=9892fd67a6ee28ea&card=ab6fc4d9dba14edf, wasteType=0, unit=0, point=0, bind=1, active=0]
DEBUG http-nio-8073-exec-7 druid.sql.Connection - {conn-10005} pool-connect
DEBUG http-nio-8073-exec-7 druid.sql.Statement - {conn-10005, pstmt-20065} created. SELECT id,uuid,identity_card,student_code,card,code,name,type,school_code,binding,active,create_time,update_time,first_time,last_time,activity_count,total_points,used_points,deduct_points
FROM kernel_student_data
WHERE (code=? AND card=?)
DEBUG http-nio-8073-exec-7 druid.sql.Statement - {conn-10005, pstmt-20065} Parameters : [9892fd67a6ee28ea, ab6fc4d9dba14edf]
DEBUG http-nio-8073-exec-7 druid.sql.Statement - {conn-10005, pstmt-20065} Types : [VARCHAR, VARCHAR]
DEBUG http-nio-8073-exec-7 druid.sql.Statement - {conn-10005, pstmt-20065} executed. 0.9997 millis. SELECT id,uuid,identity_card,student_code,card,code,name,type,school_code,binding,active,create_time,update_time,first_time,last_time,activity_count,total_points,used_points,deduct_points
FROM kernel_student_data
WHERE (code=? AND card=?)
DEBUG http-nio-8073-exec-7 druid.sql.ResultSet - {conn-10005, pstmt-20065, rs-50065} open
DEBUG http-nio-8073-exec-7 druid.sql.ResultSet - {conn-10005, pstmt-20065, rs-50065} Header: [id, uuid, identity_card, student_code, card, code, name, type, school_code, binding, active, create_time, update_time, first_time, last_time, activity_count, total_points, used_points, deduct_points]
DEBUG http-nio-8073-exec-7 druid.sql.ResultSet - {conn-10005, pstmt-20065, rs-50065} Result: [13434, ab6fc4d9dba14edf9892fd67a6ee28ea, 445224201205073019, G445224201205073019, ab6fc4d9dba14edf, 9892fd67a6ee28ea, 黄俊星, false, 214400365400, true, false, 2019-08-17 16:05:18.0, 2019-08-17 16:05:18.0, null, null, 0, 100, 0, 0]
DEBUG http-nio-8073-exec-7 druid.sql.ResultSet - {conn-10005, pstmt-20065, rs-50065} closed
DEBUG http-nio-8073-exec-7 druid.sql.Statement - {conn-10005, pstmt-20065} closed
DEBUG http-nio-8073-exec-7 druid.sql.Connection - {conn-10005} pool-recycle
DEBUG http-nio-8073-exec-7 com.qimeng.main.service.GlobalDateService - http://www.qimenghb.com
DEBUG http-nio-8073-exec-6 com.qimeng.main.UpdateStudentPointsController - StudentInfoVo [name=黄俊星, stuCode=9892fd67a6ee28ea, stuCard=ab6fc4d9dba14edf, qrCode=http://www.qimenghb.com?code=9892fd67a6ee28ea&card=ab6fc4d9dba14edf, wasteType=0, unit=0, point=0, bind=1, active=0]
DEBUG http-nio-8073-exec-6 druid.sql.Connection - {conn-10005} pool-connect
DEBUG http-nio-8073-exec-6 druid.sql.Statement - {conn-10005, pstmt-20066} created. SELECT id,uuid,identity_card,student_code,card,code,name,type,school_code,binding,active,create_time,update_time,first_time,last_time,activity_count,total_points,used_points,deduct_points
FROM kernel_student_data
WHERE (code=? AND card=?)
DEBUG http-nio-8073-exec-6 druid.sql.Statement - {conn-10005, pstmt-20066} Parameters : [9892fd67a6ee28ea, ab6fc4d9dba14edf]
DEBUG http-nio-8073-exec-6 druid.sql.Statement - {conn-10005, pstmt-20066} Types : [VARCHAR, VARCHAR]
DEBUG http-nio-8073-exec-6 druid.sql.Statement - {conn-10005, pstmt-20066} executed. 1.1364 millis. SELECT id,uuid,identity_card,student_code,card,code,name,type,school_code,binding,active,create_time,update_time,first_time,last_time,activity_count,total_points,used_points,deduct_points
FROM kernel_student_data
WHERE (code=? AND card=?)
DEBUG http-nio-8073-exec-6 druid.sql.ResultSet - {conn-10005, pstmt-20066, rs-50066} open
DEBUG http-nio-8073-exec-6 druid.sql.ResultSet - {conn-10005, pstmt-20066, rs-50066} Header: [id, uuid, identity_card, student_code, card, code, name, type, school_code, binding, active, create_time, update_time, first_time, last_time, activity_count, total_points, used_points, deduct_points]
DEBUG http-nio-8073-exec-6 druid.sql.ResultSet - {conn-10005, pstmt-20066, rs-50066} Result: [13434, ab6fc4d9dba14edf9892fd67a6ee28ea, 445224201205073019, G445224201205073019, ab6fc4d9dba14edf, 9892fd67a6ee28ea, 黄俊星, false, 214400365400, true, false, 2019-08-17 16:05:18.0, 2019-08-17 16:05:18.0, null, null, 0, 100, 0, 0]
DEBUG http-nio-8073-exec-6 druid.sql.ResultSet - {conn-10005, pstmt-20066, rs-50066} closed
DEBUG http-nio-8073-exec-6 druid.sql.Statement - {conn-10005, pstmt-20066} closed
DEBUG http-nio-8073-exec-6 druid.sql.Connection - {conn-10005} pool-recycle
DEBUG http-nio-8073-exec-6 com.qimeng.main.service.GlobalDateService - http://www.qimenghb.com
DEBUG http-nio-8073-exec-1 com.qimeng.main.UpdateStudentPointsController - StudentInfoVo [name=黄俊星, stuCode=9892fd67a6ee28ea, stuCard=ab6fc4d9dba14edf, qrCode=http://www.qimenghb.com?code=9892fd67a6ee28ea&card=ab6fc4d9dba14edf, wasteType=0, unit=0, point=0, bind=1, active=0]
DEBUG http-nio-8073-exec-1 druid.sql.Connection - {conn-10005} pool-connect
DEBUG http-nio-8073-exec-1 druid.sql.Statement - {conn-10005, pstmt-20067} created. SELECT id,uuid,identity_card,student_code,card,code,name,type,school_code,binding,active,create_time,update_time,first_time,last_time,activity_count,total_points,used_points,deduct_points
FROM kernel_student_data
WHERE (code=? AND card=?)
DEBUG http-nio-8073-exec-1 druid.sql.Statement - {conn-10005, pstmt-20067} Parameters : [9892fd67a6ee28ea, ab6fc4d9dba14edf]
DEBUG http-nio-8073-exec-1 druid.sql.Statement - {conn-10005, pstmt-20067} Types : [VARCHAR, VARCHAR]
DEBUG http-nio-8073-exec-1 druid.sql.Statement - {conn-10005, pstmt-20067} executed. 3.1825 millis. SELECT id,uuid,identity_card,student_code,card,code,name,type,school_code,binding,active,create_time,update_time,first_time,last_time,activity_count,total_points,used_points,deduct_points
FROM kernel_student_data
WHERE (code=? AND card=?)
DEBUG http-nio-8073-exec-1 druid.sql.ResultSet - {conn-10005, pstmt-20067, rs-50067} open
DEBUG http-nio-8073-exec-1 druid.sql.ResultSet - {conn-10005, pstmt-20067, rs-50067} Header: [id, uuid, identity_card, student_code, card, code, name, type, school_code, binding, active, create_time, update_time, first_time, last_time, activity_count, total_points, used_points, deduct_points]
DEBUG http-nio-8073-exec-1 druid.sql.ResultSet - {conn-10005, pstmt-20067, rs-50067} Result: [13434, ab6fc4d9dba14edf9892fd67a6ee28ea, 445224201205073019, G445224201205073019, ab6fc4d9dba14edf, 9892fd67a6ee28ea, 黄俊星, false, 214400365400, true, false, 2019-08-17 16:05:18.0, 2019-08-17 16:05:18.0, null, null, 0, 100, 0, 0]
DEBUG http-nio-8073-exec-1 druid.sql.ResultSet - {conn-10005, pstmt-20067, rs-50067} closed
DEBUG http-nio-8073-exec-1 druid.sql.Statement - {conn-10005, pstmt-20067} closed
DEBUG http-nio-8073-exec-1 druid.sql.Connection - {conn-10005} pool-recycle
DEBUG http-nio-8073-exec-1 com.qimeng.main.service.GlobalDateService - http://www.qimenghb.com
DEBUG http-nio-8073-exec-2 com.qimeng.main.UpdateStudentPointsController - StudentInfoVo [name=黄俊星, stuCode=9892fd67a6ee28ea, stuCard=ab6fc4d9dba14edf, qrCode=http://www.qimenghb.com?code=9892fd67a6ee28ea&card=ab6fc4d9dba14edf, wasteType=0, unit=0, point=0, bind=1, active=0]
DEBUG http-nio-8073-exec-2 druid.sql.Connection - {conn-10005} pool-connect
DEBUG http-nio-8073-exec-2 druid.sql.Statement - {conn-10005, pstmt-20068} created. SELECT id,uuid,identity_card,student_code,card,code,name,type,school_code,binding,active,create_time,update_time,first_time,last_time,activity_count,total_points,used_points,deduct_points
FROM kernel_student_data
WHERE (code=? AND card=?)
DEBUG http-nio-8073-exec-2 druid.sql.Statement - {conn-10005, pstmt-20068} Parameters : [9892fd67a6ee28ea, ab6fc4d9dba14edf]
DEBUG http-nio-8073-exec-2 druid.sql.Statement - {conn-10005, pstmt-20068} Types : [VARCHAR, VARCHAR]
DEBUG http-nio-8073-exec-2 druid.sql.Statement - {conn-10005, pstmt-20068} executed. 0.9223 millis. SELECT id,uuid,identity_card,student_code,card,code,name,type,school_code,binding,active,create_time,update_time,first_time,last_time,activity_count,total_points,used_points,deduct_points
FROM kernel_student_data
WHERE (code=? AND card=?)
DEBUG http-nio-8073-exec-2 druid.sql.ResultSet - {conn-10005, pstmt-20068, rs-50068} open
DEBUG http-nio-8073-exec-2 druid.sql.ResultSet - {conn-10005, pstmt-20068, rs-50068} Header: [id, uuid, identity_card, student_code, card, code, name, type, school_code, binding, active, create_time, update_time, first_time, last_time, activity_count, total_points, used_points, deduct_points]
DEBUG http-nio-8073-exec-2 druid.sql.ResultSet - {conn-10005, pstmt-20068, rs-50068} Result: [13434, ab6fc4d9dba14edf9892fd67a6ee28ea, 445224201205073019, G445224201205073019, ab6fc4d9dba14edf, 9892fd67a6ee28ea, 黄俊星, false, 214400365400, true, false, 2019-08-17 16:05:18.0, 2019-08-17 16:05:18.0, null, null, 0, 100, 0, 0]
DEBUG http-nio-8073-exec-2 druid.sql.ResultSet - {conn-10005, pstmt-20068, rs-50068} closed
DEBUG http-nio-8073-exec-2 druid.sql.Statement - {conn-10005, pstmt-20068} closed
DEBUG http-nio-8073-exec-2 druid.sql.Connection - {conn-10005} pool-recycle
DEBUG http-nio-8073-exec-2 com.qimeng.main.service.GlobalDateService - http://www.qimenghb.com
DEBUG http-nio-8073-exec-3 com.qimeng.main.UpdateStudentPointsController - StudentInfoVo [name=黄俊星, stuCode=9892fd67a6ee28ea, stuCard=ab6fc4d9dba14edf, qrCode=http://www.qimenghb.com?code=9892fd67a6ee28ea&card=ab6fc4d9dba14edf, wasteType=0, unit=0, point=0, bind=1, active=0]
DEBUG http-nio-8073-exec-3 druid.sql.Connection - {conn-10005} pool-connect
DEBUG http-nio-8073-exec-3 druid.sql.Statement - {conn-10005, pstmt-20069} created. SELECT id,uuid,identity_card,student_code,card,code,name,type,school_code,binding,active,create_time,update_time,first_time,last_time,activity_count,total_points,used_points,deduct_points
FROM kernel_student_data
WHERE (code=? AND card=?)
DEBUG http-nio-8073-exec-3 druid.sql.Statement - {conn-10005, pstmt-20069} Parameters : [9892fd67a6ee28ea, ab6fc4d9dba14edf]
DEBUG http-nio-8073-exec-3 druid.sql.Statement - {conn-10005, pstmt-20069} Types : [VARCHAR, VARCHAR]
DEBUG http-nio-8073-exec-3 druid.sql.Statement - {conn-10005, pstmt-20069} executed. 0.9514 millis. SELECT id,uuid,identity_card,student_code,card,code,name,type,school_code,binding,active,create_time,update_time,first_time,last_time,activity_count,total_points,used_points,deduct_points
FROM kernel_student_data
WHERE (code=? AND card=?)
DEBUG http-nio-8073-exec-3 druid.sql.ResultSet - {conn-10005, pstmt-20069, rs-50069} open
DEBUG http-nio-8073-exec-3 druid.sql.ResultSet - {conn-10005, pstmt-20069, rs-50069} Header: [id, uuid, identity_card, student_code, card, code, name, type, school_code, binding, active, create_time, update_time, first_time, last_time, activity_count, total_points, used_points, deduct_points]
DEBUG http-nio-8073-exec-3 druid.sql.ResultSet - {conn-10005, pstmt-20069, rs-50069} Result: [13434, ab6fc4d9dba14edf9892fd67a6ee28ea, 445224201205073019, G445224201205073019, ab6fc4d9dba14edf, 9892fd67a6ee28ea, 黄俊星, false, 214400365400, true, false, 2019-08-17 16:05:18.0, 2019-08-17 16:05:18.0, null, null, 0, 100, 0, 0]
DEBUG http-nio-8073-exec-3 druid.sql.ResultSet - {conn-10005, pstmt-20069, rs-50069} closed
DEBUG http-nio-8073-exec-3 druid.sql.Statement - {conn-10005, pstmt-20069} closed
DEBUG http-nio-8073-exec-3 druid.sql.Connection - {conn-10005} pool-recycle
DEBUG http-nio-8073-exec-3 com.qimeng.main.service.GlobalDateService - http://www.qimenghb.com
DEBUG http-nio-8073-exec-4 com.qimeng.main.UpdateStudentPointsController - StudentInfoVo [name=黄俊星, stuCode=9892fd67a6ee28ea, stuCard=ab6fc4d9dba14edf, qrCode=http://www.qimenghb.com?code=9892fd67a6ee28ea&card=ab6fc4d9dba14edf, wasteType=0, unit=0, point=0, bind=1, active=0]
DEBUG http-nio-8073-exec-4 druid.sql.Connection - {conn-10005} pool-connect
DEBUG http-nio-8073-exec-4 druid.sql.Statement - {conn-10005, pstmt-20070} created. SELECT id,uuid,identity_card,student_code,card,code,name,type,school_code,binding,active,create_time,update_time,first_time,last_time,activity_count,total_points,used_points,deduct_points
FROM kernel_student_data
WHERE (code=? AND card=?)
DEBUG http-nio-8073-exec-4 druid.sql.Statement - {conn-10005, pstmt-20070} Parameters : [9892fd67a6ee28ea, ab6fc4d9dba14edf]
DEBUG http-nio-8073-exec-4 druid.sql.Statement - {conn-10005, pstmt-20070} Types : [VARCHAR, VARCHAR]
DEBUG http-nio-8073-exec-4 druid.sql.Statement - {conn-10005, pstmt-20070} executed. 0.9927 millis. SELECT id,uuid,identity_card,student_code,card,code,name,type,school_code,binding,active,create_time,update_time,first_time,last_time,activity_count,total_points,used_points,deduct_points
FROM kernel_student_data
WHERE (code=? AND card=?)
DEBUG http-nio-8073-exec-4 druid.sql.ResultSet - {conn-10005, pstmt-20070, rs-50070} open
DEBUG http-nio-8073-exec-4 druid.sql.ResultSet - {conn-10005, pstmt-20070, rs-50070} Header: [id, uuid, identity_card, student_code, card, code, name, type, school_code, binding, active, create_time, update_time, first_time, last_time, activity_count, total_points, used_points, deduct_points]
DEBUG http-nio-8073-exec-4 druid.sql.ResultSet - {conn-10005, pstmt-20070, rs-50070} Result: [13434, ab6fc4d9dba14edf9892fd67a6ee28ea, 445224201205073019, G445224201205073019, ab6fc4d9dba14edf, 9892fd67a6ee28ea, 黄俊星, false, 214400365400, true, false, 2019-08-17 16:05:18.0, 2019-08-17 16:05:18.0, null, null, 0, 100, 0, 0]
DEBUG http-nio-8073-exec-4 druid.sql.ResultSet - {conn-10005, pstmt-20070, rs-50070} closed
DEBUG http-nio-8073-exec-4 druid.sql.Statement - {conn-10005, pstmt-20070} closed
DEBUG http-nio-8073-exec-4 druid.sql.Connection - {conn-10005} pool-recycle
DEBUG http-nio-8073-exec-4 com.qimeng.main.service.GlobalDateService - http://www.qimenghb.com
DEBUG http-nio-8073-exec-8 com.qimeng.main.UpdateStudentPointsController - StudentInfoVo [name=黄俊星, stuCode=9892fd67a6ee28ea, stuCard=ab6fc4d9dba14edf, qrCode=http://www.qimenghb.com?code=9892fd67a6ee28ea&card=ab6fc4d9dba14edf, wasteType=0, unit=0, point=0, bind=1, active=0]
DEBUG http-nio-8073-exec-8 druid.sql.Connection - {conn-10005} pool-connect
DEBUG http-nio-8073-exec-8 druid.sql.Statement - {conn-10005, pstmt-20071} created. SELECT id,uuid,identity_card,student_code,card,code,name,type,school_code,binding,active,create_time,update_time,first_time,last_time,activity_count,total_points,used_points,deduct_points
FROM kernel_student_data
WHERE (code=? AND card=?)
DEBUG http-nio-8073-exec-8 druid.sql.Statement - {conn-10005, pstmt-20071} Parameters : [9892fd67a6ee28ea, ab6fc4d9dba14edf]
DEBUG http-nio-8073-exec-8 druid.sql.Statement - {conn-10005, pstmt-20071} Types : [VARCHAR, VARCHAR]
DEBUG http-nio-8073-exec-8 druid.sql.Statement - {conn-10005, pstmt-20071} executed. 0.8904 millis. SELECT id,uuid,identity_card,student_code,card,code,name,type,school_code,binding,active,create_time,update_time,first_time,last_time,activity_count,total_points,used_points,deduct_points
FROM kernel_student_data
WHERE (code=? AND card=?)
DEBUG http-nio-8073-exec-8 druid.sql.ResultSet - {conn-10005, pstmt-20071, rs-50071} open
DEBUG http-nio-8073-exec-8 druid.sql.ResultSet - {conn-10005, pstmt-20071, rs-50071} Header: [id, uuid, identity_card, student_code, card, code, name, type, school_code, binding, active, create_time, update_time, first_time, last_time, activity_count, total_points, used_points, deduct_points]
DEBUG http-nio-8073-exec-8 druid.sql.ResultSet - {conn-10005, pstmt-20071, rs-50071} Result: [13434, ab6fc4d9dba14edf9892fd67a6ee28ea, 445224201205073019, G445224201205073019, ab6fc4d9dba14edf, 9892fd67a6ee28ea, 黄俊星, false, 214400365400, true, false, 2019-08-17 16:05:18.0, 2019-08-17 16:05:18.0, null, null, 0, 100, 0, 0]
DEBUG http-nio-8073-exec-8 druid.sql.ResultSet - {conn-10005, pstmt-20071, rs-50071} closed
DEBUG http-nio-8073-exec-8 druid.sql.Statement - {conn-10005, pstmt-20071} closed
DEBUG http-nio-8073-exec-8 druid.sql.Connection - {conn-10005} pool-recycle
DEBUG http-nio-8073-exec-8 com.qimeng.main.service.GlobalDateService - http://www.qimenghb.com
DEBUG http-nio-8073-exec-9 com.qimeng.main.UpdateStudentPointsController - StudentInfoVo [name=黄俊星, stuCode=9892fd67a6ee28ea, stuCard=ab6fc4d9dba14edf, qrCode=http://www.qimenghb.com?code=9892fd67a6ee28ea&card=ab6fc4d9dba14edf, wasteType=0, unit=0, point=0, bind=1, active=0]
DEBUG http-nio-8073-exec-9 druid.sql.Connection - {conn-10005} pool-connect
DEBUG http-nio-8073-exec-9 druid.sql.Statement - {conn-10005, pstmt-20072} created. SELECT id,uuid,identity_card,student_code,card,code,name,type,school_code,binding,active,create_time,update_time,first_time,last_time,activity_count,total_points,used_points,deduct_points
FROM kernel_student_data
WHERE (code=? AND card=?)
DEBUG http-nio-8073-exec-9 druid.sql.Statement - {conn-10005, pstmt-20072} Parameters : [9892fd67a6ee28ea, ab6fc4d9dba14edf]
DEBUG http-nio-8073-exec-9 druid.sql.Statement - {conn-10005, pstmt-20072} Types : [VARCHAR, VARCHAR]
DEBUG http-nio-8073-exec-9 druid.sql.Statement - {conn-10005, pstmt-20072} executed. 1.6512 millis. SELECT id,uuid,identity_card,student_code,card,code,name,type,school_code,binding,active,create_time,update_time,first_time,last_time,activity_count,total_points,used_points,deduct_points
FROM kernel_student_data
WHERE (code=? AND card=?)
DEBUG http-nio-8073-exec-9 druid.sql.ResultSet - {conn-10005, pstmt-20072, rs-50072} open
DEBUG http-nio-8073-exec-9 druid.sql.ResultSet - {conn-10005, pstmt-20072, rs-50072} Header: [id, uuid, identity_card, student_code, card, code, name, type, school_code, binding, active, create_time, update_time, first_time, last_time, activity_count, total_points, used_points, deduct_points]
DEBUG http-nio-8073-exec-9 druid.sql.ResultSet - {conn-10005, pstmt-20072, rs-50072} Result: [13434, ab6fc4d9dba14edf9892fd67a6ee28ea, 445224201205073019, G445224201205073019, ab6fc4d9dba14edf, 9892fd67a6ee28ea, 黄俊星, false, 214400365400, true, false, 2019-08-17 16:05:18.0, 2019-08-17 16:05:18.0, null, null, 0, 100, 0, 0]
DEBUG http-nio-8073-exec-9 druid.sql.ResultSet - {conn-10005, pstmt-20072, rs-50072} closed
DEBUG http-nio-8073-exec-9 druid.sql.Statement - {conn-10005, pstmt-20072} closed
DEBUG http-nio-8073-exec-9 druid.sql.Connection - {conn-10005} pool-recycle
DEBUG http-nio-8073-exec-9 com.qimeng.main.service.GlobalDateService - http://www.qimenghb.com
DEBUG http-nio-8073-exec-7 com.qimeng.main.UpdateStudentPointsController - StudentInfoVo [name=黄俊星, stuCode=9892fd67a6ee28ea, stuCard=ab6fc4d9dba14edf, qrCode=http://www.qimenghb.com?code=9892fd67a6ee28ea&card=ab6fc4d9dba14edf, wasteType=0, unit=0, point=0, bind=1, active=0]
DEBUG http-nio-8073-exec-7 druid.sql.Connection - {conn-10005} pool-connect
DEBUG http-nio-8073-exec-7 druid.sql.Statement - {conn-10005, pstmt-20073} created. SELECT id,uuid,identity_card,student_code,card,code,name,type,school_code,binding,active,create_time,update_time,first_time,last_time,activity_count,total_points,used_points,deduct_points
FROM kernel_student_data
WHERE (code=? AND card=?)
DEBUG http-nio-8073-exec-7 druid.sql.Statement - {conn-10005, pstmt-20073} Parameters : [9892fd67a6ee28ea, ab6fc4d9dba14edf]
DEBUG http-nio-8073-exec-7 druid.sql.Statement - {conn-10005, pstmt-20073} Types : [VARCHAR, VARCHAR]
DEBUG http-nio-8073-exec-7 druid.sql.Statement - {conn-10005, pstmt-20073} executed. 1.2038 millis. SELECT id,uuid,identity_card,student_code,card,code,name,type,school_code,binding,active,create_time,update_time,first_time,last_time,activity_count,total_points,used_points,deduct_points
FROM kernel_student_data
WHERE (code=? AND card=?)
DEBUG http-nio-8073-exec-7 druid.sql.ResultSet - {conn-10005, pstmt-20073, rs-50073} open
DEBUG http-nio-8073-exec-7 druid.sql.ResultSet - {conn-10005, pstmt-20073, rs-50073} Header: [id, uuid, identity_card, student_code, card, code, name, type, school_code, binding, active, create_time, update_time, first_time, last_time, activity_count, total_points, used_points, deduct_points]
DEBUG http-nio-8073-exec-7 druid.sql.ResultSet - {conn-10005, pstmt-20073, rs-50073} Result: [13434, ab6fc4d9dba14edf9892fd67a6ee28ea, 445224201205073019, G445224201205073019, ab6fc4d9dba14edf, 9892fd67a6ee28ea, 黄俊星, false, 214400365400, true, false, 2019-08-17 16:05:18.0, 2019-08-17 16:05:18.0, null, null, 0, 100, 0, 0]
DEBUG http-nio-8073-exec-7 druid.sql.ResultSet - {conn-10005, pstmt-20073, rs-50073} closed
DEBUG http-nio-8073-exec-7 druid.sql.Statement - {conn-10005, pstmt-20073} closed
DEBUG http-nio-8073-exec-7 druid.sql.Connection - {conn-10005} pool-recycle
DEBUG http-nio-8073-exec-7 com.qimeng.main.service.GlobalDateService - http://www.qimenghb.com
DEBUG http-nio-8073-exec-6 com.qimeng.main.UpdateStudentPointsController - StudentInfoVo [name=黄俊星, stuCode=9892fd67a6ee28ea, stuCard=ab6fc4d9dba14edf, qrCode=http://www.qimenghb.com?code=9892fd67a6ee28ea&card=ab6fc4d9dba14edf, wasteType=0, unit=0, point=0, bind=1, active=0]
DEBUG http-nio-8073-exec-6 druid.sql.Connection - {conn-10005} pool-connect
DEBUG http-nio-8073-exec-6 druid.sql.Statement - {conn-10005, pstmt-20074} created. SELECT id,uuid,identity_card,student_code,card,code,name,type,school_code,binding,active,create_time,update_time,first_time,last_time,activity_count,total_points,used_points,deduct_points
FROM kernel_student_data
WHERE (code=? AND card=?)
DEBUG http-nio-8073-exec-6 druid.sql.Statement - {conn-10005, pstmt-20074} Parameters : [9892fd67a6ee28ea, ab6fc4d9dba14edf]
DEBUG http-nio-8073-exec-6 druid.sql.Statement - {conn-10005, pstmt-20074} Types : [VARCHAR, VARCHAR]
DEBUG http-nio-8073-exec-6 druid.sql.Statement - {conn-10005, pstmt-20074} executed. 0.927 millis. SELECT id,uuid,identity_card,student_code,card,code,name,type,school_code,binding,active,create_time,update_time,first_time,last_time,activity_count,total_points,used_points,deduct_points
FROM kernel_student_data
WHERE (code=? AND card=?)
DEBUG http-nio-8073-exec-6 druid.sql.ResultSet - {conn-10005, pstmt-20074, rs-50074} open
DEBUG http-nio-8073-exec-6 druid.sql.ResultSet - {conn-10005, pstmt-20074, rs-50074} Header: [id, uuid, identity_card, student_code, card, code, name, type, school_code, binding, active, create_time, update_time, first_time, last_time, activity_count, total_points, used_points, deduct_points]
DEBUG http-nio-8073-exec-6 druid.sql.ResultSet - {conn-10005, pstmt-20074, rs-50074} Result: [13434, ab6fc4d9dba14edf9892fd67a6ee28ea, 445224201205073019, G445224201205073019, ab6fc4d9dba14edf, 9892fd67a6ee28ea, 黄俊星, false, 214400365400, true, false, 2019-08-17 16:05:18.0, 2019-08-17 16:05:18.0, null, null, 0, 100, 0, 0]
DEBUG http-nio-8073-exec-6 druid.sql.ResultSet - {conn-10005, pstmt-20074, rs-50074} closed
DEBUG http-nio-8073-exec-6 druid.sql.Statement - {conn-10005, pstmt-20074} closed
DEBUG http-nio-8073-exec-6 druid.sql.Connection - {conn-10005} pool-recycle
DEBUG http-nio-8073-exec-6 com.qimeng.main.service.GlobalDateService - http://www.qimenghb.com
DEBUG http-nio-8073-exec-5 com.qimeng.main.UpdateStudentPointsController - StudentInfoVo [name=黄俊星, stuCode=9892fd67a6ee28ea, stuCard=ab6fc4d9dba14edf, qrCode=http://www.qimenghb.com?code=9892fd67a6ee28ea&card=ab6fc4d9dba14edf, wasteType=0, unit=0, point=0, bind=1, active=0]
DEBUG http-nio-8073-exec-5 druid.sql.Connection - {conn-10005} pool-connect
DEBUG http-nio-8073-exec-5 druid.sql.Statement - {conn-10005, pstmt-20075} created. SELECT id,uuid,identity_card,student_code,card,code,name,type,school_code,binding,active,create_time,update_time,first_time,last_time,activity_count,total_points,used_points,deduct_points
FROM kernel_student_data
WHERE (code=? AND card=?)
DEBUG http-nio-8073-exec-5 druid.sql.Statement - {conn-10005, pstmt-20075} Parameters : [9892fd67a6ee28ea, ab6fc4d9dba14edf]
DEBUG http-nio-8073-exec-5 druid.sql.Statement - {conn-10005, pstmt-20075} Types : [VARCHAR, VARCHAR]
DEBUG http-nio-8073-exec-5 druid.sql.Statement - {conn-10005, pstmt-20075} executed. 2.0312 millis. SELECT id,uuid,identity_card,student_code,card,code,name,type,school_code,binding,active,create_time,update_time,first_time,last_time,activity_count,total_points,used_points,deduct_points
FROM kernel_student_data
WHERE (code=? AND card=?)
DEBUG http-nio-8073-exec-5 druid.sql.ResultSet - {conn-10005, pstmt-20075, rs-50075} open
DEBUG http-nio-8073-exec-5 druid.sql.ResultSet - {conn-10005, pstmt-20075, rs-50075} Header: [id, uuid, identity_card, student_code, card, code, name, type, school_code, binding, active, create_time, update_time, first_time, last_time, activity_count, total_points, used_points, deduct_points]
DEBUG http-nio-8073-exec-5 druid.sql.ResultSet - {conn-10005, pstmt-20075, rs-50075} Result: [13434, ab6fc4d9dba14edf9892fd67a6ee28ea, 445224201205073019, G445224201205073019, ab6fc4d9dba14edf, 9892fd67a6ee28ea, 黄俊星, false, 214400365400, true, false, 2019-08-17 16:05:18.0, 2019-08-17 16:05:18.0, null, null, 0, 100, 0, 0]
DEBUG http-nio-8073-exec-5 druid.sql.ResultSet - {conn-10005, pstmt-20075, rs-50075} closed
DEBUG http-nio-8073-exec-5 druid.sql.Statement - {conn-10005, pstmt-20075} closed
DEBUG http-nio-8073-exec-5 druid.sql.Connection - {conn-10005} pool-recycle
DEBUG http-nio-8073-exec-5 com.qimeng.main.service.GlobalDateService - http://www.qimenghb.com
DEBUG http-nio-8073-exec-1 com.qimeng.main.UpdateStudentPointsController - StudentInfoVo [name=黄俊星, stuCode=9892fd67a6ee28ea, stuCard=ab6fc4d9dba14edf, qrCode=http://www.qimenghb.com?code=9892fd67a6ee28ea&card=ab6fc4d9dba14edf, wasteType=0, unit=0, point=0, bind=1, active=0]
DEBUG http-nio-8073-exec-1 druid.sql.Connection - {conn-10005} pool-connect
DEBUG http-nio-8073-exec-1 druid.sql.Statement - {conn-10005, pstmt-20076} created. SELECT id,uuid,identity_card,student_code,card,code,name,type,school_code,binding,active,create_time,update_time,first_time,last_time,activity_count,total_points,used_points,deduct_points
FROM kernel_student_data
WHERE (code=? AND card=?)
DEBUG http-nio-8073-exec-1 druid.sql.Statement - {conn-10005, pstmt-20076} Parameters : [9892fd67a6ee28ea, ab6fc4d9dba14edf]
DEBUG http-nio-8073-exec-1 druid.sql.Statement - {conn-10005, pstmt-20076} Types : [VARCHAR, VARCHAR]
DEBUG http-nio-8073-exec-1 druid.sql.Statement - {conn-10005, pstmt-20076} executed. 1.211 millis. SELECT id,uuid,identity_card,student_code,card,code,name,type,school_code,binding,active,create_time,update_time,first_time,last_time,activity_count,total_points,used_points,deduct_points
FROM kernel_student_data
WHERE (code=? AND card=?)
DEBUG http-nio-8073-exec-1 druid.sql.ResultSet - {conn-10005, pstmt-20076, rs-50076} open
DEBUG http-nio-8073-exec-1 druid.sql.ResultSet - {conn-10005, pstmt-20076, rs-50076} Header: [id, uuid, identity_card, student_code, card, code, name, type, school_code, binding, active, create_time, update_time, first_time, last_time, activity_count, total_points, used_points, deduct_points]
DEBUG http-nio-8073-exec-1 druid.sql.ResultSet - {conn-10005, pstmt-20076, rs-50076} Result: [13434, ab6fc4d9dba14edf9892fd67a6ee28ea, 445224201205073019, G445224201205073019, ab6fc4d9dba14edf, 9892fd67a6ee28ea, 黄俊星, false, 214400365400, true, false, 2019-08-17 16:05:18.0, 2019-08-17 16:05:18.0, null, null, 0, 100, 0, 0]
DEBUG http-nio-8073-exec-1 druid.sql.ResultSet - {conn-10005, pstmt-20076, rs-50076} closed
DEBUG http-nio-8073-exec-1 druid.sql.Statement - {conn-10005, pstmt-20076} closed
DEBUG http-nio-8073-exec-1 druid.sql.Connection - {conn-10005} pool-recycle
DEBUG http-nio-8073-exec-1 com.qimeng.main.service.GlobalDateService - http://www.qimenghb.com
DEBUG http-nio-8073-exec-2 com.qimeng.main.UpdateStudentPointsController - StudentInfoVo [name=黄俊星, stuCode=9892fd67a6ee28ea, stuCard=ab6fc4d9dba14edf, qrCode=http://www.qimenghb.com?code=9892fd67a6ee28ea&card=ab6fc4d9dba14edf, wasteType=0, unit=0, point=0, bind=1, active=0]
DEBUG http-nio-8073-exec-2 druid.sql.Connection - {conn-10005} pool-connect
DEBUG http-nio-8073-exec-2 druid.sql.Statement - {conn-10005, pstmt-20077} created. SELECT id,uuid,identity_card,student_code,card,code,name,type,school_code,binding,active,create_time,update_time,first_time,last_time,activity_count,total_points,used_points,deduct_points
FROM kernel_student_data
WHERE (code=? AND card=?)
DEBUG http-nio-8073-exec-2 druid.sql.Statement - {conn-10005, pstmt-20077} Parameters : [9892fd67a6ee28ea, ab6fc4d9dba14edf]
DEBUG http-nio-8073-exec-2 druid.sql.Statement - {conn-10005, pstmt-20077} Types : [VARCHAR, VARCHAR]
DEBUG http-nio-8073-exec-2 druid.sql.Statement - {conn-10005, pstmt-20077} executed. 1.3177 millis. SELECT id,uuid,identity_card,student_code,card,code,name,type,school_code,binding,active,create_time,update_time,first_time,last_time,activity_count,total_points,used_points,deduct_points
FROM kernel_student_data
WHERE (code=? AND card=?)
DEBUG http-nio-8073-exec-2 druid.sql.ResultSet - {conn-10005, pstmt-20077, rs-50077} open
DEBUG http-nio-8073-exec-2 druid.sql.ResultSet - {conn-10005, pstmt-20077, rs-50077} Header: [id, uuid, identity_card, student_code, card, code, name, type, school_code, binding, active, create_time, update_time, first_time, last_time, activity_count, total_points, used_points, deduct_points]
DEBUG http-nio-8073-exec-2 druid.sql.ResultSet - {conn-10005, pstmt-20077, rs-50077} Result: [13434, ab6fc4d9dba14edf9892fd67a6ee28ea, 445224201205073019, G445224201205073019, ab6fc4d9dba14edf, 9892fd67a6ee28ea, 黄俊星, false, 214400365400, true, false, 2019-08-17 16:05:18.0, 2019-08-17 16:05:18.0, null, null, 0, 100, 0, 0]
DEBUG http-nio-8073-exec-2 druid.sql.ResultSet - {conn-10005, pstmt-20077, rs-50077} closed
DEBUG http-nio-8073-exec-2 druid.sql.Statement - {conn-10005, pstmt-20077} closed
DEBUG http-nio-8073-exec-2 druid.sql.Connection - {conn-10005} pool-recycle
DEBUG http-nio-8073-exec-2 com.qimeng.main.service.GlobalDateService - http://www.qimenghb.com
DEBUG http-nio-8073-exec-3 com.qimeng.main.UpdateStudentPointsController - StudentInfoVo [name=黄俊星, stuCode=9892fd67a6ee28ea, stuCard=ab6fc4d9dba14edf, qrCode=http://www.qimenghb.com?code=9892fd67a6ee28ea&card=ab6fc4d9dba14edf, wasteType=0, unit=0, point=0, bind=1, active=0]
DEBUG http-nio-8073-exec-3 druid.sql.Connection - {conn-10005} pool-connect
DEBUG http-nio-8073-exec-3 druid.sql.Statement - {conn-10005, pstmt-20078} created. SELECT id,uuid,identity_card,student_code,card,code,name,type,school_code,binding,active,create_time,update_time,first_time,last_time,activity_count,total_points,used_points,deduct_points
FROM kernel_student_data
WHERE (code=? AND card=?)
DEBUG http-nio-8073-exec-3 druid.sql.Statement - {conn-10005, pstmt-20078} Parameters : [9892fd67a6ee28ea, ab6fc4d9dba14edf]
DEBUG http-nio-8073-exec-3 druid.sql.Statement - {conn-10005, pstmt-20078} Types : [VARCHAR, VARCHAR]
DEBUG http-nio-8073-exec-3 druid.sql.Statement - {conn-10005, pstmt-20078} executed. 0.8231 millis. SELECT id,uuid,identity_card,student_code,card,code,name,type,school_code,binding,active,create_time,update_time,first_time,last_time,activity_count,total_points,used_points,deduct_points
FROM kernel_student_data
WHERE (code=? AND card=?)
DEBUG http-nio-8073-exec-3 druid.sql.ResultSet - {conn-10005, pstmt-20078, rs-50078} open
DEBUG http-nio-8073-exec-3 druid.sql.ResultSet - {conn-10005, pstmt-20078, rs-50078} Header: [id, uuid, identity_card, student_code, card, code, name, type, school_code, binding, active, create_time, update_time, first_time, last_time, activity_count, total_points, used_points, deduct_points]
DEBUG http-nio-8073-exec-3 druid.sql.ResultSet - {conn-10005, pstmt-20078, rs-50078} Result: [13434, ab6fc4d9dba14edf9892fd67a6ee28ea, 445224201205073019, G445224201205073019, ab6fc4d9dba14edf, 9892fd67a6ee28ea, 黄俊星, false, 214400365400, true, false, 2019-08-17 16:05:18.0, 2019-08-17 16:05:18.0, null, null, 0, 100, 0, 0]
DEBUG http-nio-8073-exec-3 druid.sql.ResultSet - {conn-10005, pstmt-20078, rs-50078} closed
DEBUG http-nio-8073-exec-3 druid.sql.Statement - {conn-10005, pstmt-20078} closed
DEBUG http-nio-8073-exec-3 druid.sql.Connection - {conn-10005} pool-recycle
DEBUG http-nio-8073-exec-3 com.qimeng.main.service.GlobalDateService - http://www.qimenghb.com
DEBUG http-nio-8073-exec-8 com.qimeng.main.UpdateStudentPointsController - StudentInfoVo [name=黄俊星, stuCode=9892fd67a6ee28ea, stuCard=ab6fc4d9dba14edf, qrCode=http://www.qimenghb.com?code=9892fd67a6ee28ea&card=ab6fc4d9dba14edf, wasteType=0, unit=0, point=0, bind=1, active=0]
DEBUG http-nio-8073-exec-8 druid.sql.Connection - {conn-10005} pool-connect
DEBUG http-nio-8073-exec-8 druid.sql.Statement - {conn-10005, pstmt-20079} created. SELECT id,uuid,identity_card,student_code,card,code,name,type,school_code,binding,active,create_time,update_time,first_time,last_time,activity_count,total_points,used_points,deduct_points
FROM kernel_student_data
WHERE (code=? AND card=?)
DEBUG http-nio-8073-exec-8 druid.sql.Statement - {conn-10005, pstmt-20079} Parameters : [9892fd67a6ee28ea, ab6fc4d9dba14edf]
DEBUG http-nio-8073-exec-8 druid.sql.Statement - {conn-10005, pstmt-20079} Types : [VARCHAR, VARCHAR]
DEBUG http-nio-8073-exec-8 druid.sql.Statement - {conn-10005, pstmt-20079} executed. 1.284 millis. SELECT id,uuid,identity_card,student_code,card,code,name,type,school_code,binding,active,create_time,update_time,first_time,last_time,activity_count,total_points,used_points,deduct_points
FROM kernel_student_data
WHERE (code=? AND card=?)
DEBUG http-nio-8073-exec-8 druid.sql.ResultSet - {conn-10005, pstmt-20079, rs-50079} open
DEBUG http-nio-8073-exec-8 druid.sql.ResultSet - {conn-10005, pstmt-20079, rs-50079} Header: [id, uuid, identity_card, student_code, card, code, name, type, school_code, binding, active, create_time, update_time, first_time, last_time, activity_count, total_points, used_points, deduct_points]
DEBUG http-nio-8073-exec-8 druid.sql.ResultSet - {conn-10005, pstmt-20079, rs-50079} Result: [13434, ab6fc4d9dba14edf9892fd67a6ee28ea, 445224201205073019, G445224201205073019, ab6fc4d9dba14edf, 9892fd67a6ee28ea, 黄俊星, false, 214400365400, true, false, 2019-08-17 16:05:18.0, 2019-08-17 16:05:18.0, null, null, 0, 100, 0, 0]
DEBUG http-nio-8073-exec-8 druid.sql.ResultSet - {conn-10005, pstmt-20079, rs-50079} closed
DEBUG http-nio-8073-exec-8 druid.sql.Statement - {conn-10005, pstmt-20079} closed
DEBUG http-nio-8073-exec-8 druid.sql.Connection - {conn-10005} pool-recycle
DEBUG http-nio-8073-exec-8 com.qimeng.main.service.GlobalDateService - http://www.qimenghb.com
DEBUG http-nio-8073-exec-9 com.qimeng.main.UpdateStudentPointsController - StudentInfoVo [name=黄俊星, stuCode=9892fd67a6ee28ea, stuCard=ab6fc4d9dba14edf, qrCode=http://www.qimenghb.com?code=9892fd67a6ee28ea&card=ab6fc4d9dba14edf, wasteType=0, unit=0, point=0, bind=1, active=0]
DEBUG http-nio-8073-exec-9 druid.sql.Connection - {conn-10005} pool-connect
DEBUG http-nio-8073-exec-9 druid.sql.Statement - {conn-10005, pstmt-20080} created. SELECT id,uuid,identity_card,student_code,card,code,name,type,school_code,binding,active,create_time,update_time,first_time,last_time,activity_count,total_points,used_points,deduct_points
FROM kernel_student_data
WHERE (code=? AND card=?)
DEBUG http-nio-8073-exec-9 druid.sql.Statement - {conn-10005, pstmt-20080} Parameters : [9892fd67a6ee28ea, ab6fc4d9dba14edf]
DEBUG http-nio-8073-exec-9 druid.sql.Statement - {conn-10005, pstmt-20080} Types : [VARCHAR, VARCHAR]
DEBUG http-nio-8073-exec-9 druid.sql.Statement - {conn-10005, pstmt-20080} executed. 1.2691 millis. SELECT id,uuid,identity_card,student_code,card,code,name,type,school_code,binding,active,create_time,update_time,first_time,last_time,activity_count,total_points,used_points,deduct_points
FROM kernel_student_data
WHERE (code=? AND card=?)
DEBUG http-nio-8073-exec-9 druid.sql.ResultSet - {conn-10005, pstmt-20080, rs-50080} open
DEBUG http-nio-8073-exec-9 druid.sql.ResultSet - {conn-10005, pstmt-20080, rs-50080} Header: [id, uuid, identity_card, student_code, card, code, name, type, school_code, binding, active, create_time, update_time, first_time, last_time, activity_count, total_points, used_points, deduct_points]
DEBUG http-nio-8073-exec-9 druid.sql.ResultSet - {conn-10005, pstmt-20080, rs-50080} Result: [13434, ab6fc4d9dba14edf9892fd67a6ee28ea, 445224201205073019, G445224201205073019, ab6fc4d9dba14edf, 9892fd67a6ee28ea, 黄俊星, false, 214400365400, true, false, 2019-08-17 16:05:18.0, 2019-08-17 16:05:18.0, null, null, 0, 100, 0, 0]
DEBUG http-nio-8073-exec-9 druid.sql.ResultSet - {conn-10005, pstmt-20080, rs-50080} closed
DEBUG http-nio-8073-exec-9 druid.sql.Statement - {conn-10005, pstmt-20080} closed
DEBUG http-nio-8073-exec-9 druid.sql.Connection - {conn-10005} pool-recycle
DEBUG http-nio-8073-exec-9 com.qimeng.main.service.GlobalDateService - http://www.qimenghb.com
DEBUG http-nio-8073-exec-10 com.qimeng.main.UpdateStudentPointsController - StudentInfoVo [name=黄俊星, stuCode=9892fd67a6ee28ea, stuCard=ab6fc4d9dba14edf, qrCode=http://www.qimenghb.com?code=9892fd67a6ee28ea&card=ab6fc4d9dba14edf, wasteType=0, unit=0, point=0, bind=1, active=0]
DEBUG http-nio-8073-exec-10 druid.sql.Connection - {conn-10005} pool-connect
DEBUG http-nio-8073-exec-10 druid.sql.Statement - {conn-10005, pstmt-20081} created. SELECT id,uuid,identity_card,student_code,card,code,name,type,school_code,binding,active,create_time,update_time,first_time,last_time,activity_count,total_points,used_points,deduct_points
FROM kernel_student_data
WHERE (code=? AND card=?)
DEBUG http-nio-8073-exec-10 druid.sql.Statement - {conn-10005, pstmt-20081} Parameters : [9892fd67a6ee28ea, ab6fc4d9dba14edf]
DEBUG http-nio-8073-exec-10 druid.sql.Statement - {conn-10005, pstmt-20081} Types : [VARCHAR, VARCHAR]
DEBUG http-nio-8073-exec-10 druid.sql.Statement - {conn-10005, pstmt-20081} executed. 0.8866 millis. SELECT id,uuid,identity_card,student_code,card,code,name,type,school_code,binding,active,create_time,update_time,first_time,last_time,activity_count,total_points,used_points,deduct_points
FROM kernel_student_data
WHERE (code=? AND card=?)
DEBUG http-nio-8073-exec-10 druid.sql.ResultSet - {conn-10005, pstmt-20081, rs-50081} open
DEBUG http-nio-8073-exec-10 druid.sql.ResultSet - {conn-10005, pstmt-20081, rs-50081} Header: [id, uuid, identity_card, student_code, card, code, name, type, school_code, binding, active, create_time, update_time, first_time, last_time, activity_count, total_points, used_points, deduct_points]
DEBUG http-nio-8073-exec-10 druid.sql.ResultSet - {conn-10005, pstmt-20081, rs-50081} Result: [13434, ab6fc4d9dba14edf9892fd67a6ee28ea, 445224201205073019, G445224201205073019, ab6fc4d9dba14edf, 9892fd67a6ee28ea, 黄俊星, false, 214400365400, true, false, 2019-08-17 16:05:18.0, 2019-08-17 16:05:18.0, null, null, 0, 100, 0, 0]
DEBUG http-nio-8073-exec-10 druid.sql.ResultSet - {conn-10005, pstmt-20081, rs-50081} closed
DEBUG http-nio-8073-exec-10 druid.sql.Statement - {conn-10005, pstmt-20081} closed
DEBUG http-nio-8073-exec-10 druid.sql.Connection - {conn-10005} pool-recycle
DEBUG http-nio-8073-exec-10 com.qimeng.main.service.GlobalDateService - http://www.qimenghb.com
DEBUG http-nio-8073-exec-7 com.qimeng.main.UpdateStudentPointsController - StudentInfoVo [name=黄俊星, stuCode=9892fd67a6ee28ea, stuCard=ab6fc4d9dba14edf, qrCode=http://www.qimenghb.com?code=9892fd67a6ee28ea&card=ab6fc4d9dba14edf, wasteType=0, unit=0, point=0, bind=1, active=0]
DEBUG http-nio-8073-exec-7 druid.sql.Connection - {conn-10005} pool-connect
DEBUG http-nio-8073-exec-7 druid.sql.Statement - {conn-10005, pstmt-20082} created. SELECT id,uuid,identity_card,student_code,card,code,name,type,school_code,binding,active,create_time,update_time,first_time,last_time,activity_count,total_points,used_points,deduct_points
FROM kernel_student_data
WHERE (code=? AND card=?)
DEBUG http-nio-8073-exec-7 druid.sql.Statement - {conn-10005, pstmt-20082} Parameters : [9892fd67a6ee28ea, ab6fc4d9dba14edf]
DEBUG http-nio-8073-exec-7 druid.sql.Statement - {conn-10005, pstmt-20082} Types : [VARCHAR, VARCHAR]
DEBUG http-nio-8073-exec-7 druid.sql.Statement - {conn-10005, pstmt-20082} executed. 0.9154 millis. SELECT id,uuid,identity_card,student_code,card,code,name,type,school_code,binding,active,create_time,update_time,first_time,last_time,activity_count,total_points,used_points,deduct_points
FROM kernel_student_data
WHERE (code=? AND card=?)
DEBUG http-nio-8073-exec-7 druid.sql.ResultSet - {conn-10005, pstmt-20082, rs-50082} open
DEBUG http-nio-8073-exec-7 druid.sql.ResultSet - {conn-10005, pstmt-20082, rs-50082} Header: [id, uuid, identity_card, student_code, card, code, name, type, school_code, binding, active, create_time, update_time, first_time, last_time, activity_count, total_points, used_points, deduct_points]
DEBUG http-nio-8073-exec-7 druid.sql.ResultSet - {conn-10005, pstmt-20082, rs-50082} Result: [13434, ab6fc4d9dba14edf9892fd67a6ee28ea, 445224201205073019, G445224201205073019, ab6fc4d9dba14edf, 9892fd67a6ee28ea, 黄俊星, false, 214400365400, true, false, 2019-08-17 16:05:18.0, 2019-08-17 16:05:18.0, null, null, 0, 100, 0, 0]
DEBUG http-nio-8073-exec-7 druid.sql.ResultSet - {conn-10005, pstmt-20082, rs-50082} closed
DEBUG http-nio-8073-exec-7 druid.sql.Statement - {conn-10005, pstmt-20082} closed
DEBUG http-nio-8073-exec-7 druid.sql.Connection - {conn-10005} pool-recycle
DEBUG http-nio-8073-exec-7 com.qimeng.main.service.GlobalDateService - http://www.qimenghb.com
DEBUG http-nio-8073-exec-5 com.qimeng.main.UpdateStudentPointsController - StudentInfoVo [name=黄俊星, stuCode=9892fd67a6ee28ea, stuCard=ab6fc4d9dba14edf, qrCode=http://www.qimenghb.com?code=9892fd67a6ee28ea&card=ab6fc4d9dba14edf, wasteType=0, unit=0, point=0, bind=1, active=0]
DEBUG http-nio-8073-exec-5 druid.sql.Connection - {conn-10005} pool-connect
DEBUG http-nio-8073-exec-5 druid.sql.Statement - {conn-10005, pstmt-20083} created. SELECT id,uuid,identity_card,student_code,card,code,name,type,school_code,binding,active,create_time,update_time,first_time,last_time,activity_count,total_points,used_points,deduct_points
FROM kernel_student_data
WHERE (code=? AND card=?)
DEBUG http-nio-8073-exec-5 druid.sql.Statement - {conn-10005, pstmt-20083} Parameters : [9892fd67a6ee28ea, ab6fc4d9dba14edf]
DEBUG http-nio-8073-exec-5 druid.sql.Statement - {conn-10005, pstmt-20083} Types : [VARCHAR, VARCHAR]
DEBUG http-nio-8073-exec-5 druid.sql.Statement - {conn-10005, pstmt-20083} executed. 1.0977 millis. SELECT id,uuid,identity_card,student_code,card,code,name,type,school_code,binding,active,create_time,update_time,first_time,last_time,activity_count,total_points,used_points,deduct_points
FROM kernel_student_data
WHERE (code=? AND card=?)
DEBUG http-nio-8073-exec-5 druid.sql.ResultSet - {conn-10005, pstmt-20083, rs-50083} open
DEBUG http-nio-8073-exec-5 druid.sql.ResultSet - {conn-10005, pstmt-20083, rs-50083} Header: [id, uuid, identity_card, student_code, card, code, name, type, school_code, binding, active, create_time, update_time, first_time, last_time, activity_count, total_points, used_points, deduct_points]
DEBUG http-nio-8073-exec-5 druid.sql.ResultSet - {conn-10005, pstmt-20083, rs-50083} Result: [13434, ab6fc4d9dba14edf9892fd67a6ee28ea, 445224201205073019, G445224201205073019, ab6fc4d9dba14edf, 9892fd67a6ee28ea, 黄俊星, false, 214400365400, true, false, 2019-08-17 16:05:18.0, 2019-08-17 16:05:18.0, null, null, 0, 100, 0, 0]
DEBUG http-nio-8073-exec-5 druid.sql.ResultSet - {conn-10005, pstmt-20083, rs-50083} closed
DEBUG http-nio-8073-exec-5 druid.sql.Statement - {conn-10005, pstmt-20083} closed
DEBUG http-nio-8073-exec-5 druid.sql.Connection - {conn-10005} pool-recycle
DEBUG http-nio-8073-exec-5 com.qimeng.main.service.GlobalDateService - http://www.qimenghb.com
DEBUG http-nio-8073-exec-1 com.qimeng.main.UpdateStudentPointsController - StudentInfoVo [name=黄俊星, stuCode=9892fd67a6ee28ea, stuCard=ab6fc4d9dba14edf, qrCode=http://www.qimenghb.com?code=9892fd67a6ee28ea&card=ab6fc4d9dba14edf, wasteType=0, unit=0, point=0, bind=1, active=0]
DEBUG http-nio-8073-exec-1 druid.sql.Connection - {conn-10005} pool-connect
DEBUG http-nio-8073-exec-1 druid.sql.Statement - {conn-10005, pstmt-20084} created. SELECT id,uuid,identity_card,student_code,card,code,name,type,school_code,binding,active,create_time,update_time,first_time,last_time,activity_count,total_points,used_points,deduct_points
FROM kernel_student_data
WHERE (code=? AND card=?)
DEBUG http-nio-8073-exec-1 druid.sql.Statement - {conn-10005, pstmt-20084} Parameters : [9892fd67a6ee28ea, ab6fc4d9dba14edf]
DEBUG http-nio-8073-exec-1 druid.sql.Statement - {conn-10005, pstmt-20084} Types : [VARCHAR, VARCHAR]
DEBUG http-nio-8073-exec-1 druid.sql.Statement - {conn-10005, pstmt-20084} executed. 1.2394 millis. SELECT id,uuid,identity_card,student_code,card,code,name,type,school_code,binding,active,create_time,update_time,first_time,last_time,activity_count,total_points,used_points,deduct_points
FROM kernel_student_data
WHERE (code=? AND card=?)
DEBUG http-nio-8073-exec-1 druid.sql.ResultSet - {conn-10005, pstmt-20084, rs-50084} open
DEBUG http-nio-8073-exec-1 druid.sql.ResultSet - {conn-10005, pstmt-20084, rs-50084} Header: [id, uuid, identity_card, student_code, card, code, name, type, school_code, binding, active, create_time, update_time, first_time, last_time, activity_count, total_points, used_points, deduct_points]
DEBUG http-nio-8073-exec-1 druid.sql.ResultSet - {conn-10005, pstmt-20084, rs-50084} Result: [13434, ab6fc4d9dba14edf9892fd67a6ee28ea, 445224201205073019, G445224201205073019, ab6fc4d9dba14edf, 9892fd67a6ee28ea, 黄俊星, false, 214400365400, true, false, 2019-08-17 16:05:18.0, 2019-08-17 16:05:18.0, null, null, 0, 100, 0, 0]
DEBUG http-nio-8073-exec-1 druid.sql.ResultSet - {conn-10005, pstmt-20084, rs-50084} closed
DEBUG http-nio-8073-exec-1 druid.sql.Statement - {conn-10005, pstmt-20084} closed
DEBUG http-nio-8073-exec-1 druid.sql.Connection - {conn-10005} pool-recycle
DEBUG http-nio-8073-exec-1 com.qimeng.main.service.GlobalDateService - http://www.qimenghb.com
DEBUG main org.springframework.boot.autoconfigure.data.redis.RedisAutoConfiguration - 自定义RedisTemplate加载完成
DEBUG main org.springframework.boot.autoconfigure.data.redis.RedisAutoConfiguration - 自定义RedisCacheManager加载完成
DEBUG main com.qimeng.main.StartupRunner - 系统启动自动执行
DEBUG http-nio-8073-exec-1 com.qimeng.main.LogController - StudentInfoVo [name=张培轩, stuCode=9892fd67a6ee28ea, stuCard=ab6fc4d9dba14edf, qrCode=null, wasteType=0, unit=0, point=0, bind=0, active=0]
DEBUG http-nio-8073-exec-1 druid.sql.Connection - {conn-10001} connected
DEBUG http-nio-8073-exec-1 druid.sql.Connection - {conn-10002} connected
DEBUG http-nio-8073-exec-1 druid.sql.Connection - {conn-10003} connected
DEBUG http-nio-8073-exec-1 druid.sql.Connection - {conn-10004} connected
DEBUG http-nio-8073-exec-1 druid.sql.Connection - {conn-10005} connected
DEBUG http-nio-8073-exec-1 druid.sql.Connection - {conn-10005} pool-connect
DEBUG http-nio-8073-exec-1 druid.sql.Statement - {conn-10005, pstmt-20000} created. SELECT id,uuid,identity_card,student_code,card,code,name,type,school_code,binding,active,create_time,update_time,first_time,last_time,activity_count,total_points,used_points,deduct_points
FROM kernel_student_data
WHERE (code=? AND card=?)
DEBUG http-nio-8073-exec-1 druid.sql.Statement - {conn-10005, pstmt-20000} Parameters : [9892fd67a6ee28ea, ab6fc4d9dba14edf]
DEBUG http-nio-8073-exec-1 druid.sql.Statement - {conn-10005, pstmt-20000} Types : [VARCHAR, VARCHAR]
DEBUG http-nio-8073-exec-1 druid.sql.Statement - {conn-10005, pstmt-20000} executed. 11.3141 millis. SELECT id,uuid,identity_card,student_code,card,code,name,type,school_code,binding,active,create_time,update_time,first_time,last_time,activity_count,total_points,used_points,deduct_points
FROM kernel_student_data
WHERE (code=? AND card=?)
DEBUG http-nio-8073-exec-1 druid.sql.ResultSet - {conn-10005, pstmt-20000, rs-50000} open
DEBUG http-nio-8073-exec-1 druid.sql.ResultSet - {conn-10005, pstmt-20000, rs-50000} Header: [id, uuid, identity_card, student_code, card, code, name, type, school_code, binding, active, create_time, update_time, first_time, last_time, activity_count, total_points, used_points, deduct_points]
DEBUG http-nio-8073-exec-1 druid.sql.ResultSet - {conn-10005, pstmt-20000, rs-50000} Result: [13434, ab6fc4d9dba14edf9892fd67a6ee28ea, 445224201205073019, G445224201205073019, ab6fc4d9dba14edf, 9892fd67a6ee28ea, 黄俊星, false, 214400365400, true, false, 2019-08-17 16:05:18.0, 2019-08-17 16:05:18.0, null, null, 0, 100, 0, 0]
DEBUG http-nio-8073-exec-1 druid.sql.ResultSet - {conn-10005, pstmt-20000, rs-50000} closed
DEBUG http-nio-8073-exec-1 druid.sql.Statement - {conn-10005, pstmt-20000} closed
DEBUG http-nio-8073-exec-1 druid.sql.Connection - {conn-10005} pool-recycle
DEBUG http-nio-8073-exec-1 druid.sql.Connection - {conn-10005} pool-connect
DEBUG http-nio-8073-exec-1 druid.sql.Statement - {conn-10005, pstmt-20001} created. SELECT count(0) FROM machine_device_recycle_log WHERE (uuid = ?)
DEBUG http-nio-8073-exec-1 druid.sql.Statement - {conn-10005, pstmt-20001} Parameters : [ab6fc4d9dba14edf9892fd67a6ee28ea]
DEBUG http-nio-8073-exec-1 druid.sql.Statement - {conn-10005, pstmt-20001} Types : [VARCHAR]
DEBUG http-nio-8073-exec-1 druid.sql.Statement - {conn-10005, pstmt-20001} executed. 0.9412 millis. SELECT count(0) FROM machine_device_recycle_log WHERE (uuid = ?)
DEBUG http-nio-8073-exec-1 druid.sql.ResultSet - {conn-10005, pstmt-20001, rs-50001} open
DEBUG http-nio-8073-exec-1 druid.sql.ResultSet - {conn-10005, pstmt-20001, rs-50001} Header: [count(0)]
DEBUG http-nio-8073-exec-1 druid.sql.ResultSet - {conn-10005, pstmt-20001, rs-50001} Result: [29]
DEBUG http-nio-8073-exec-1 druid.sql.ResultSet - {conn-10005, pstmt-20001, rs-50001} closed
DEBUG http-nio-8073-exec-1 druid.sql.Statement - {conn-10005, pstmt-20001} closed
DEBUG http-nio-8073-exec-1 druid.sql.Statement - {conn-10005, pstmt-20002} created. SELECT id,machine_id,schoolid_of_device,uuid,schoolid_of_student,recycle_type,identity_type,count,last_remainder,factor,points,remainder,create_time
FROM machine_device_recycle_log
WHERE (uuid=?)
ORDER BY create_time DESC LIMIT ? 
DEBUG http-nio-8073-exec-1 druid.sql.Statement - {conn-10005, pstmt-20002} Parameters : [ab6fc4d9dba14edf9892fd67a6ee28ea, 7]
DEBUG http-nio-8073-exec-1 druid.sql.Statement - {conn-10005, pstmt-20002} Types : [VARCHAR, INTEGER]
DEBUG http-nio-8073-exec-1 druid.sql.Statement - {conn-10005, pstmt-20002} executed. 1.1725 millis. SELECT id,machine_id,schoolid_of_device,uuid,schoolid_of_student,recycle_type,identity_type,count,last_remainder,factor,points,remainder,create_time
FROM machine_device_recycle_log
WHERE (uuid=?)
ORDER BY create_time DESC LIMIT ? 
DEBUG http-nio-8073-exec-1 druid.sql.ResultSet - {conn-10005, pstmt-20002, rs-50002} open
DEBUG http-nio-8073-exec-1 druid.sql.ResultSet - {conn-10005, pstmt-20002, rs-50002} Header: [id, machine_id, schoolid_of_device, uuid, schoolid_of_student, recycle_type, identity_type, count, last_remainder, factor, points, remainder, create_time]
DEBUG http-nio-8073-exec-1 druid.sql.ResultSet - {conn-10005, pstmt-20002, rs-50002} Result: [29, 123456789, 12300, ab6fc4d9dba14edf9892fd67a6ee28ea, 12300, true, false, 1, 0, 1, 1, 0, 2019-08-08 12:21:09.0]
DEBUG http-nio-8073-exec-1 druid.sql.ResultSet - {conn-10005, pstmt-20002, rs-50002} Result: [28, 123456789, 12300, ab6fc4d9dba14edf9892fd67a6ee28ea, 12300, true, false, 1, 0, 1, 1, 0, 2019-08-08 12:12:19.0]
DEBUG http-nio-8073-exec-1 druid.sql.ResultSet - {conn-10005, pstmt-20002, rs-50002} Result: [27, 123456789, 12300, ab6fc4d9dba14edf9892fd67a6ee28ea, 12300, true, false, 1, 0, 1, 1, 0, 2019-08-08 12:10:25.0]
DEBUG http-nio-8073-exec-1 druid.sql.ResultSet - {conn-10005, pstmt-20002, rs-50002} Result: [26, 123456789, 12300, ab6fc4d9dba14edf9892fd67a6ee28ea, 12300, true, false, 1, 0, 1, 1, 0, 2019-08-08 10:56:20.0]
DEBUG http-nio-8073-exec-1 druid.sql.ResultSet - {conn-10005, pstmt-20002, rs-50002} Result: [25, 123456789, 12300, ab6fc4d9dba14edf9892fd67a6ee28ea, 12300, true, false, 1, 0, 1, 1, 0, 2019-08-08 00:36:25.0]
DEBUG http-nio-8073-exec-1 druid.sql.ResultSet - {conn-10005, pstmt-20002, rs-50002} Result: [24, 123456789, 12300, ab6fc4d9dba14edf9892fd67a6ee28ea, 12300, true, false, 1, 0, 1, 1, 0, 2019-08-08 00:35:52.0]
DEBUG http-nio-8073-exec-1 druid.sql.ResultSet - {conn-10005, pstmt-20002, rs-50002} Result: [23, 123456789, 12300, ab6fc4d9dba14edf9892fd67a6ee28ea, 12300, true, false, 1, 0, 1, 1, 0, 2019-08-08 00:34:50.0]
DEBUG http-nio-8073-exec-1 druid.sql.ResultSet - {conn-10005, pstmt-20002, rs-50002} closed
DEBUG http-nio-8073-exec-1 druid.sql.Statement - {conn-10005, pstmt-20002} closed
DEBUG http-nio-8073-exec-1 druid.sql.Connection - {conn-10005} pool-recycle
DEBUG http-nio-8073-exec-4 com.qimeng.main.UpdateStudentPointsController - StudentInfoVo [name=黄俊星, stuCode=9892fd67a6ee28ea, stuCard=ab6fc4d9dba14edf, qrCode=http://www.qimenghb.com?code=9892fd67a6ee28ea&card=ab6fc4d9dba14edf, wasteType=0, unit=0, point=0, bind=1, active=0]
DEBUG http-nio-8073-exec-4 druid.sql.Connection - {conn-10005} pool-connect
DEBUG http-nio-8073-exec-4 druid.sql.Statement - {conn-10005, pstmt-20003} created. SELECT id,uuid,identity_card,student_code,card,code,name,type,school_code,binding,active,create_time,update_time,first_time,last_time,activity_count,total_points,used_points,deduct_points
FROM kernel_student_data
WHERE (code=? AND card=?)
DEBUG http-nio-8073-exec-4 druid.sql.Statement - {conn-10005, pstmt-20003} Parameters : [9892fd67a6ee28ea, ab6fc4d9dba14edf]
DEBUG http-nio-8073-exec-4 druid.sql.Statement - {conn-10005, pstmt-20003} Types : [VARCHAR, VARCHAR]
DEBUG http-nio-8073-exec-4 druid.sql.Statement - {conn-10005, pstmt-20003} executed. 1.1822 millis. SELECT id,uuid,identity_card,student_code,card,code,name,type,school_code,binding,active,create_time,update_time,first_time,last_time,activity_count,total_points,used_points,deduct_points
FROM kernel_student_data
WHERE (code=? AND card=?)
DEBUG http-nio-8073-exec-4 druid.sql.ResultSet - {conn-10005, pstmt-20003, rs-50003} open
DEBUG http-nio-8073-exec-4 druid.sql.ResultSet - {conn-10005, pstmt-20003, rs-50003} Header: [id, uuid, identity_card, student_code, card, code, name, type, school_code, binding, active, create_time, update_time, first_time, last_time, activity_count, total_points, used_points, deduct_points]
DEBUG http-nio-8073-exec-4 druid.sql.ResultSet - {conn-10005, pstmt-20003, rs-50003} Result: [13434, ab6fc4d9dba14edf9892fd67a6ee28ea, 445224201205073019, G445224201205073019, ab6fc4d9dba14edf, 9892fd67a6ee28ea, 黄俊星, false, 214400365400, true, false, 2019-08-17 16:05:18.0, 2019-08-17 16:05:18.0, null, null, 0, 100, 0, 0]
DEBUG http-nio-8073-exec-4 druid.sql.ResultSet - {conn-10005, pstmt-20003, rs-50003} closed
DEBUG http-nio-8073-exec-4 druid.sql.Statement - {conn-10005, pstmt-20003} closed
DEBUG http-nio-8073-exec-4 druid.sql.Connection - {conn-10005} pool-recycle
DEBUG http-nio-8073-exec-4 druid.sql.Connection - {conn-10005} pool-connect
DEBUG http-nio-8073-exec-4 druid.sql.Statement - {conn-10005, pstmt-20004} created. select * from global_data
DEBUG http-nio-8073-exec-4 druid.sql.Statement - {conn-10005, pstmt-20004} Parameters : []
DEBUG http-nio-8073-exec-4 druid.sql.Statement - {conn-10005, pstmt-20004} Types : []
DEBUG http-nio-8073-exec-4 druid.sql.Statement - {conn-10005, pstmt-20004} executed. 1.6293 millis. select * from global_data
DEBUG http-nio-8073-exec-4 druid.sql.ResultSet - {conn-10005, pstmt-20004, rs-50004} open
DEBUG http-nio-8073-exec-4 druid.sql.ResultSet - {conn-10005, pstmt-20004, rs-50004} Header: [id, global_key, global_value, create_time, update_time]
DEBUG http-nio-8073-exec-4 druid.sql.ResultSet - {conn-10005, pstmt-20004, rs-50004} Result: [1, qrUrl, http://www.qimenghb.com, null, null]
DEBUG http-nio-8073-exec-4 druid.sql.ResultSet - {conn-10005, pstmt-20004, rs-50004} closed
DEBUG http-nio-8073-exec-4 druid.sql.Statement - {conn-10005, pstmt-20004} closed
DEBUG http-nio-8073-exec-4 druid.sql.Connection - {conn-10005} pool-recycle
DEBUG http-nio-8073-exec-4 com.qimeng.main.service.GlobalDateService - http://www.qimenghb.com
DEBUG http-nio-8073-exec-5 com.qimeng.main.UpdateStudentPointsController - StudentInfoVo [name=黄俊星, stuCode=9892fd67a6ee28ea, stuCard=ab6fc4d9dba14edf, qrCode=http://www.qimenghb.com?code=9892fd67a6ee28ea&card=ab6fc4d9dba14edf, wasteType=0, unit=0, point=0, bind=1, active=0]
DEBUG http-nio-8073-exec-5 druid.sql.Connection - {conn-10005} pool-connect
DEBUG http-nio-8073-exec-5 druid.sql.Statement - {conn-10005, pstmt-20005} created. SELECT id,uuid,identity_card,student_code,card,code,name,type,school_code,binding,active,create_time,update_time,first_time,last_time,activity_count,total_points,used_points,deduct_points
FROM kernel_student_data
WHERE (code=? AND card=?)
DEBUG http-nio-8073-exec-5 druid.sql.Statement - {conn-10005, pstmt-20005} Parameters : [9892fd67a6ee28ea, ab6fc4d9dba14edf]
DEBUG http-nio-8073-exec-5 druid.sql.Statement - {conn-10005, pstmt-20005} Types : [VARCHAR, VARCHAR]
DEBUG http-nio-8073-exec-5 druid.sql.Statement - {conn-10005, pstmt-20005} executed. 1.2456 millis. SELECT id,uuid,identity_card,student_code,card,code,name,type,school_code,binding,active,create_time,update_time,first_time,last_time,activity_count,total_points,used_points,deduct_points
FROM kernel_student_data
WHERE (code=? AND card=?)
DEBUG http-nio-8073-exec-5 druid.sql.ResultSet - {conn-10005, pstmt-20005, rs-50005} open
DEBUG http-nio-8073-exec-5 druid.sql.ResultSet - {conn-10005, pstmt-20005, rs-50005} Header: [id, uuid, identity_card, student_code, card, code, name, type, school_code, binding, active, create_time, update_time, first_time, last_time, activity_count, total_points, used_points, deduct_points]
DEBUG http-nio-8073-exec-5 druid.sql.ResultSet - {conn-10005, pstmt-20005, rs-50005} Result: [13434, ab6fc4d9dba14edf9892fd67a6ee28ea, 445224201205073019, G445224201205073019, ab6fc4d9dba14edf, 9892fd67a6ee28ea, 黄俊星, false, 214400365400, true, false, 2019-08-17 16:05:18.0, 2019-08-17 16:05:18.0, null, null, 0, 100, 0, 0]
DEBUG http-nio-8073-exec-5 druid.sql.ResultSet - {conn-10005, pstmt-20005, rs-50005} closed
DEBUG http-nio-8073-exec-5 druid.sql.Statement - {conn-10005, pstmt-20005} closed
DEBUG http-nio-8073-exec-5 druid.sql.Connection - {conn-10005} pool-recycle
DEBUG http-nio-8073-exec-5 com.qimeng.main.service.GlobalDateService - http://www.qimenghb.com
DEBUG http-nio-8073-exec-7 com.qimeng.main.UpdateStudentPointsController - StudentInfoVo [name=黄俊星, stuCode=9892fd67a6ee28ea, stuCard=ab6fc4d9dba14edf, qrCode=http://www.qimenghb.com?code=9892fd67a6ee28ea&card=ab6fc4d9dba14edf, wasteType=0, unit=0, point=0, bind=1, active=0]
DEBUG http-nio-8073-exec-7 druid.sql.Connection - {conn-10005} pool-connect
DEBUG http-nio-8073-exec-7 druid.sql.Statement - {conn-10005, pstmt-20006} created. SELECT id,uuid,identity_card,student_code,card,code,name,type,school_code,binding,active,create_time,update_time,first_time,last_time,activity_count,total_points,used_points,deduct_points
FROM kernel_student_data
WHERE (code=? AND card=?)
DEBUG http-nio-8073-exec-7 druid.sql.Statement - {conn-10005, pstmt-20006} Parameters : [9892fd67a6ee28ea, ab6fc4d9dba14edf]
DEBUG http-nio-8073-exec-7 druid.sql.Statement - {conn-10005, pstmt-20006} Types : [VARCHAR, VARCHAR]
DEBUG http-nio-8073-exec-7 druid.sql.Statement - {conn-10005, pstmt-20006} executed. 1.0931 millis. SELECT id,uuid,identity_card,student_code,card,code,name,type,school_code,binding,active,create_time,update_time,first_time,last_time,activity_count,total_points,used_points,deduct_points
FROM kernel_student_data
WHERE (code=? AND card=?)
DEBUG http-nio-8073-exec-7 druid.sql.ResultSet - {conn-10005, pstmt-20006, rs-50006} open
DEBUG http-nio-8073-exec-7 druid.sql.ResultSet - {conn-10005, pstmt-20006, rs-50006} Header: [id, uuid, identity_card, student_code, card, code, name, type, school_code, binding, active, create_time, update_time, first_time, last_time, activity_count, total_points, used_points, deduct_points]
DEBUG http-nio-8073-exec-7 druid.sql.ResultSet - {conn-10005, pstmt-20006, rs-50006} Result: [13434, ab6fc4d9dba14edf9892fd67a6ee28ea, 445224201205073019, G445224201205073019, ab6fc4d9dba14edf, 9892fd67a6ee28ea, 黄俊星, false, 214400365400, true, false, 2019-08-17 16:05:18.0, 2019-08-17 16:05:18.0, null, null, 0, 100, 0, 0]
DEBUG http-nio-8073-exec-7 druid.sql.ResultSet - {conn-10005, pstmt-20006, rs-50006} closed
DEBUG http-nio-8073-exec-7 druid.sql.Statement - {conn-10005, pstmt-20006} closed
DEBUG http-nio-8073-exec-7 druid.sql.Connection - {conn-10005} pool-recycle
DEBUG http-nio-8073-exec-7 com.qimeng.main.service.GlobalDateService - http://www.qimenghb.com
DEBUG http-nio-8073-exec-6 com.qimeng.main.UpdateStudentPointsController - StudentInfoVo [name=黄俊星, stuCode=9892fd67a6ee28ea, stuCard=ab6fc4d9dba14edf, qrCode=http://www.qimenghb.com?code=9892fd67a6ee28ea&card=ab6fc4d9dba14edf, wasteType=0, unit=0, point=0, bind=1, active=0]
DEBUG http-nio-8073-exec-6 druid.sql.Connection - {conn-10005} pool-connect
DEBUG http-nio-8073-exec-6 druid.sql.Statement - {conn-10005, pstmt-20007} created. SELECT id,uuid,identity_card,student_code,card,code,name,type,school_code,binding,active,create_time,update_time,first_time,last_time,activity_count,total_points,used_points,deduct_points
FROM kernel_student_data
WHERE (code=? AND card=?)
DEBUG http-nio-8073-exec-6 druid.sql.Statement - {conn-10005, pstmt-20007} Parameters : [9892fd67a6ee28ea, ab6fc4d9dba14edf]
DEBUG http-nio-8073-exec-6 druid.sql.Statement - {conn-10005, pstmt-20007} Types : [VARCHAR, VARCHAR]
DEBUG http-nio-8073-exec-6 druid.sql.Statement - {conn-10005, pstmt-20007} executed. 0.9758 millis. SELECT id,uuid,identity_card,student_code,card,code,name,type,school_code,binding,active,create_time,update_time,first_time,last_time,activity_count,total_points,used_points,deduct_points
FROM kernel_student_data
WHERE (code=? AND card=?)
DEBUG http-nio-8073-exec-6 druid.sql.ResultSet - {conn-10005, pstmt-20007, rs-50007} open
DEBUG http-nio-8073-exec-6 druid.sql.ResultSet - {conn-10005, pstmt-20007, rs-50007} Header: [id, uuid, identity_card, student_code, card, code, name, type, school_code, binding, active, create_time, update_time, first_time, last_time, activity_count, total_points, used_points, deduct_points]
DEBUG http-nio-8073-exec-6 druid.sql.ResultSet - {conn-10005, pstmt-20007, rs-50007} Result: [13434, ab6fc4d9dba14edf9892fd67a6ee28ea, 445224201205073019, G445224201205073019, ab6fc4d9dba14edf, 9892fd67a6ee28ea, 黄俊星, false, 214400365400, true, false, 2019-08-17 16:05:18.0, 2019-08-17 16:05:18.0, null, null, 0, 100, 0, 0]
DEBUG http-nio-8073-exec-6 druid.sql.ResultSet - {conn-10005, pstmt-20007, rs-50007} closed
DEBUG http-nio-8073-exec-6 druid.sql.Statement - {conn-10005, pstmt-20007} closed
DEBUG http-nio-8073-exec-6 druid.sql.Connection - {conn-10005} pool-recycle
DEBUG http-nio-8073-exec-6 com.qimeng.main.service.GlobalDateService - http://www.qimenghb.com
DEBUG http-nio-8073-exec-9 com.qimeng.main.UpdateStudentPointsController - StudentInfoVo [name=黄俊星, stuCode=9892fd67a6ee28ea, stuCard=ab6fc4d9dba14edf, qrCode=http://www.qimenghb.com?code=9892fd67a6ee28ea&card=ab6fc4d9dba14edf, wasteType=0, unit=0, point=0, bind=1, active=0]
DEBUG http-nio-8073-exec-9 druid.sql.Connection - {conn-10005} pool-connect
DEBUG http-nio-8073-exec-9 druid.sql.Statement - {conn-10005, pstmt-20008} created. SELECT id,uuid,identity_card,student_code,card,code,name,type,school_code,binding,active,create_time,update_time,first_time,last_time,activity_count,total_points,used_points,deduct_points
FROM kernel_student_data
WHERE (code=? AND card=?)
DEBUG http-nio-8073-exec-9 druid.sql.Statement - {conn-10005, pstmt-20008} Parameters : [9892fd67a6ee28ea, ab6fc4d9dba14edf]
DEBUG http-nio-8073-exec-9 druid.sql.Statement - {conn-10005, pstmt-20008} Types : [VARCHAR, VARCHAR]
DEBUG http-nio-8073-exec-9 druid.sql.Statement - {conn-10005, pstmt-20008} executed. 0.9044 millis. SELECT id,uuid,identity_card,student_code,card,code,name,type,school_code,binding,active,create_time,update_time,first_time,last_time,activity_count,total_points,used_points,deduct_points
FROM kernel_student_data
WHERE (code=? AND card=?)
DEBUG http-nio-8073-exec-9 druid.sql.ResultSet - {conn-10005, pstmt-20008, rs-50008} open
DEBUG http-nio-8073-exec-9 druid.sql.ResultSet - {conn-10005, pstmt-20008, rs-50008} Header: [id, uuid, identity_card, student_code, card, code, name, type, school_code, binding, active, create_time, update_time, first_time, last_time, activity_count, total_points, used_points, deduct_points]
DEBUG http-nio-8073-exec-9 druid.sql.ResultSet - {conn-10005, pstmt-20008, rs-50008} Result: [13434, ab6fc4d9dba14edf9892fd67a6ee28ea, 445224201205073019, G445224201205073019, ab6fc4d9dba14edf, 9892fd67a6ee28ea, 黄俊星, false, 214400365400, true, false, 2019-08-17 16:05:18.0, 2019-08-17 16:05:18.0, null, null, 0, 100, 0, 0]
DEBUG http-nio-8073-exec-9 druid.sql.ResultSet - {conn-10005, pstmt-20008, rs-50008} closed
DEBUG http-nio-8073-exec-9 druid.sql.Statement - {conn-10005, pstmt-20008} closed
DEBUG http-nio-8073-exec-9 druid.sql.Connection - {conn-10005} pool-recycle
DEBUG http-nio-8073-exec-9 com.qimeng.main.service.GlobalDateService - http://www.qimenghb.com
DEBUG http-nio-8073-exec-2 com.qimeng.main.UpdateStudentPointsController - StudentInfoVo [name=黄俊星, stuCode=9892fd67a6ee28ea, stuCard=ab6fc4d9dba14edf, qrCode=http://www.qimenghb.com?code=9892fd67a6ee28ea&card=ab6fc4d9dba14edf, wasteType=0, unit=0, point=0, bind=1, active=0]
DEBUG http-nio-8073-exec-2 druid.sql.Connection - {conn-10005} pool-connect
DEBUG http-nio-8073-exec-2 druid.sql.Statement - {conn-10005, pstmt-20009} created. SELECT id,uuid,identity_card,student_code,card,code,name,type,school_code,binding,active,create_time,update_time,first_time,last_time,activity_count,total_points,used_points,deduct_points
FROM kernel_student_data
WHERE (code=? AND card=?)
DEBUG http-nio-8073-exec-2 druid.sql.Statement - {conn-10005, pstmt-20009} Parameters : [9892fd67a6ee28ea, ab6fc4d9dba14edf]
DEBUG http-nio-8073-exec-2 druid.sql.Statement - {conn-10005, pstmt-20009} Types : [VARCHAR, VARCHAR]
DEBUG http-nio-8073-exec-2 druid.sql.Statement - {conn-10005, pstmt-20009} executed. 0.8728 millis. SELECT id,uuid,identity_card,student_code,card,code,name,type,school_code,binding,active,create_time,update_time,first_time,last_time,activity_count,total_points,used_points,deduct_points
FROM kernel_student_data
WHERE (code=? AND card=?)
DEBUG http-nio-8073-exec-2 druid.sql.ResultSet - {conn-10005, pstmt-20009, rs-50009} open
DEBUG http-nio-8073-exec-2 druid.sql.ResultSet - {conn-10005, pstmt-20009, rs-50009} Header: [id, uuid, identity_card, student_code, card, code, name, type, school_code, binding, active, create_time, update_time, first_time, last_time, activity_count, total_points, used_points, deduct_points]
DEBUG http-nio-8073-exec-2 druid.sql.ResultSet - {conn-10005, pstmt-20009, rs-50009} Result: [13434, ab6fc4d9dba14edf9892fd67a6ee28ea, 445224201205073019, G445224201205073019, ab6fc4d9dba14edf, 9892fd67a6ee28ea, 黄俊星, false, 214400365400, true, false, 2019-08-17 16:05:18.0, 2019-08-17 16:05:18.0, null, null, 0, 100, 0, 0]
DEBUG http-nio-8073-exec-2 druid.sql.ResultSet - {conn-10005, pstmt-20009, rs-50009} closed
DEBUG http-nio-8073-exec-2 druid.sql.Statement - {conn-10005, pstmt-20009} closed
DEBUG http-nio-8073-exec-2 druid.sql.Connection - {conn-10005} pool-recycle
DEBUG http-nio-8073-exec-2 com.qimeng.main.service.GlobalDateService - http://www.qimenghb.com
